# JRE version: Java(TM) SE Runtime Environment (8.0_371) (build 1.8.0_371-b11)
# Java VM: Java HotSpot(TM) 64-Bit Server VM (25.371-b11 mixed mode windows-amd64 compressed oops)
Heap:
 PSYoungGen      total 181760K, used 119374K [0x0000000716800000, 0x0000000723100000, 0x00000007c0000000)
  eden space 172544K, 67% used [0x0000000716800000,0x000000071da10ab0,0x0000000721080000)
  from space 9216K, 27% used [0x0000000721080000,0x0000000721303020,0x0000000721980000)
  to   space 8704K, 0% used [0x0000000722880000,0x0000000722880000,0x0000000723100000)
 ParOldGen       total 229376K, used 5010K [0x00000005c3800000, 0x00000005d1800000, 0x0000000716800000)
  object space 229376K, 2% used [0x00000005c3800000,0x00000005c3ce48a8,0x00000005d1800000)
 Metaspace       used 29378K, capacity 29846K, committed 30208K, reserved 1077248K
  class space    used 3175K, capacity 3319K, committed 3328K, reserved 1048576K
GC Heap History (10 events):
Event: 4.781 GC heap before
{Heap before GC invocations=4 (full 1):
 PSYoungGen      total 152576K, used 131072K [0x0000000716800000, 0x0000000721200000, 0x00000007c0000000)
  eden space 131072K, 100% used [0x0000000716800000,0x000000071e800000,0x000000071e800000)
  from space 21504K, 0% used [0x000000071fd00000,0x000000071fd00000,0x0000000721200000)
  to   space 21504K, 0% used [0x000000071e800000,0x000000071e800000,0x000000071fd00000)
 ParOldGen       total 229376K, used 4929K [0x00000005c3800000, 0x00000005d1800000, 0x0000000716800000)
  object space 229376K, 2% used [0x00000005c3800000,0x00000005c3cd0518,0x00000005d1800000)
 Metaspace       used 28959K, capacity 29366K, committed 29696K, reserved 1075200K
  class space    used 3170K, capacity 3319K, committed 3328K, reserved 1048576K
Event: 4.783 GC heap after
Heap after GC invocations=4 (full 1):
 PSYoungGen      total 152576K, used 4047K [0x0000000716800000, 0x0000000722e80000, 0x00000007c0000000)
  eden space 131072K, 0% used [0x0000000716800000,0x0000000716800000,0x000000071e800000)
  from space 21504K, 18% used [0x000000071e800000,0x000000071ebf3e60,0x000000071fd00000)
  to   space 21504K, 0% used [0x0000000721980000,0x0000000721980000,0x0000000722e80000)
 ParOldGen       total 229376K, used 4960K [0x00000005c3800000, 0x00000005d1800000, 0x0000000716800000)
  object space 229376K, 2% used [0x00000005c3800000,0x00000005c3cd8158,0x00000005d1800000)
 Metaspace       used 28959K, capacity 29366K, committed 29696K, reserved 1075200K
  class space    used 3170K, capacity 3319K, committed 3328K, reserved 1048576K
}
Event: 9.608 GC heap before
{Heap before GC invocations=5 (full 1):
 PSYoungGen      total 152576K, used 135119K [0x0000000716800000, 0x0000000722e80000, 0x00000007c0000000)
  eden space 131072K, 100% used [0x0000000716800000,0x000000071e800000,0x000000071e800000)
  from space 21504K, 18% used [0x000000071e800000,0x000000071ebf3e60,0x000000071fd00000)
  to   space 21504K, 0% used [0x0000000721980000,0x0000000721980000,0x0000000722e80000)
 ParOldGen       total 229376K, used 4960K [0x00000005c3800000, 0x00000005d1800000, 0x0000000716800000)
  object space 229376K, 2% used [0x00000005c3800000,0x00000005c3cd8158,0x00000005d1800000)
 Metaspace       used 29118K, capacity 29566K, committed 29952K, reserved 1075200K
  class space    used 3170K, capacity 3319K, committed 3328K, reserved 1048576K
Event: 9.610 GC heap after
Heap after GC invocations=5 (full 1):
 PSYoungGen      total 170496K, used 2556K [0x0000000716800000, 0x0000000722900000, 0x00000007c0000000)
  eden space 154624K, 0% used [0x0000000716800000,0x0000000716800000,0x000000071ff00000)
  from space 15872K, 16% used [0x0000000721980000,0x0000000721bff010,0x0000000722900000)
  to   space 21504K, 0% used [0x000000071ff00000,0x000000071ff00000,0x0000000721400000)
 ParOldGen       total 229376K, used 4986K [0x00000005c3800000, 0x00000005d1800000, 0x0000000716800000)
  object space 229376K, 2% used [0x00000005c3800000,0x00000005c3cde8a8,0x00000005d1800000)
 Metaspace       used 29118K, capacity 29566K, committed 29952K, reserved 1075200K
  class space    used 3170K, capacity 3319K, committed 3328K, reserved 1048576K
}
Event: 15.350 GC heap before
{Heap before GC invocations=6 (full 1):
 PSYoungGen      total 170496K, used 157180K [0x0000000716800000, 0x0000000722900000, 0x00000007c0000000)
  eden space 154624K, 100% used [0x0000000716800000,0x000000071ff00000,0x000000071ff00000)
  from space 15872K, 16% used [0x0000000721980000,0x0000000721bff010,0x0000000722900000)
  to   space 21504K, 0% used [0x000000071ff00000,0x000000071ff00000,0x0000000721400000)
 ParOldGen       total 229376K, used 4986K [0x00000005c3800000, 0x00000005d1800000, 0x0000000716800000)
  object space 229376K, 2% used [0x00000005c3800000,0x00000005c3cde8a8,0x00000005d1800000)
 Metaspace       used 29247K, capacity 29782K, committed 30208K, reserved 1077248K
  class space    used 3171K, capacity 3319K, committed 3328K, reserved 1048576K
Event: 15.352 GC heap after
Heap after GC invocations=6 (full 1):
 PSYoungGen      total 176128K, used 2460K [0x0000000716800000, 0x0000000722680000, 0x00000007c0000000)
  eden space 154624K, 0% used [0x0000000716800000,0x0000000716800000,0x000000071ff00000)
  from space 21504K, 11% used [0x000000071ff00000,0x0000000720167010,0x0000000721400000)
  to   space 9216K, 0% used [0x0000000721d80000,0x0000000721d80000,0x0000000722680000)
 ParOldGen       total 229376K, used 4994K [0x00000005c3800000, 0x00000005d1800000, 0x0000000716800000)
  object space 229376K, 2% used [0x00000005c3800000,0x00000005c3ce08a8,0x00000005d1800000)
 Metaspace       used 29247K, capacity 29782K, committed 30208K, reserved 1077248K
  class space    used 3171K, capacity 3319K, committed 3328K, reserved 1048576K
}
Event: 21.038 GC heap before
{Heap before GC invocations=7 (full 1):
 PSYoungGen      total 176128K, used 157084K [0x0000000716800000, 0x0000000722680000, 0x00000007c0000000)
  eden space 154624K, 100% used [0x0000000716800000,0x000000071ff00000,0x000000071ff00000)
  from space 21504K, 11% used [0x000000071ff00000,0x0000000720167010,0x0000000721400000)
  to   space 9216K, 0% used [0x0000000721d80000,0x0000000721d80000,0x0000000722680000)
 ParOldGen       total 229376K, used 4994K [0x00000005c3800000, 0x00000005d1800000, 0x0000000716800000)
  object space 229376K, 2% used [0x00000005c3800000,0x00000005c3ce08a8,0x00000005d1800000)
 Metaspace       used 29262K, capacity 29782K, committed 30208K, reserved 1077248K
  class space    used 3171K, capacity 3319K, committed 3328K, reserved 1048576K
Event: 21.040 GC heap after
Heap after GC invocations=7 (full 1):
 PSYoungGen      total 177664K, used 2508K [0x0000000716800000, 0x0000000722280000, 0x00000007c0000000)
  eden space 172544K, 0% used [0x0000000716800000,0x0000000716800000,0x0000000721080000)
  from space 5120K, 48% used [0x0000000721d80000,0x0000000721ff3020,0x0000000722280000)
  to   space 9216K, 0% used [0x0000000721080000,0x0000000721080000,0x0000000721980000)
 ParOldGen       total 229376K, used 5002K [0x00000005c3800000, 0x00000005d1800000, 0x0000000716800000)
  object space 229376K, 2% used [0x00000005c3800000,0x00000005c3ce28a8,0x00000005d1800000)
 Metaspace       used 29262K, capacity 29782K, committed 30208K, reserved 1077248K
  class space    used 3171K, capacity 3319K, committed 3328K, reserved 1048576K
}
Event: 27.378 GC heap before
{Heap before GC invocations=8 (full 1):
 PSYoungGen      total 177664K, used 175052K [0x0000000716800000, 0x0000000722280000, 0x00000007c0000000)
  eden space 172544K, 100% used [0x0000000716800000,0x0000000721080000,0x0000000721080000)
  from space 5120K, 48% used [0x0000000721d80000,0x0000000721ff3020,0x0000000722280000)
  to   space 9216K, 0% used [0x0000000721080000,0x0000000721080000,0x0000000721980000)
 ParOldGen       total 229376K, used 5002K [0x00000005c3800000, 0x00000005d1800000, 0x0000000716800000)
  object space 229376K, 2% used [0x00000005c3800000,0x00000005c3ce28a8,0x00000005d1800000)
 Metaspace       used 29323K, capacity 29846K, committed 30208K, reserved 1077248K
  class space    used 3173K, capacity 3319K, committed 3328K, reserved 1048576K
Event: 27.381 GC heap after
Heap after GC invocations=8 (full 1):
 PSYoungGen      total 181760K, used 2572K [0x0000000716800000, 0x0000000723100000, 0x00000007c0000000)
  eden space 172544K, 0% used [0x0000000716800000,0x0000000716800000,0x0000000721080000)
  from space 9216K, 27% used [0x0000000721080000,0x0000000721303020,0x0000000721980000)
  to   space 8704K, 0% used [0x0000000722880000,0x0000000722880000,0x0000000723100000)
 ParOldGen       total 229376K, used 5010K [0x00000005c3800000, 0x00000005d1800000, 0x0000000716800000)
  object space 229376K, 2% used [0x00000005c3800000,0x00000005c3ce48a8,0x00000005d1800000)
 Metaspace       used 29323K, capacity 29846K, committed 30208K, reserved 1077248K
  class space    used 3173K, capacity 3319K, committed 3328K, reserved 1048576K
}

