# JRE version: Java(TM) SE Runtime Environment (8.0_371) (build 1.8.0_371-b11)
# Java VM: Java HotSpot(TM) 64-Bit Server VM (25.371-b11 mixed mode windows-amd64 compressed oops)
Heap:
 PSYoungGen      total 152576K, used 67150K [0x0000000716800000, 0x0000000721200000, 0x00000007c0000000)
  eden space 131072K, 51% used [0x0000000716800000,0x000000071a9939d0,0x000000071e800000)
  from space 21504K, 0% used [0x000000071fd00000,0x000000071fd00000,0x0000000721200000)
  to   space 21504K, 0% used [0x000000071e800000,0x000000071e800000,0x000000071fd00000)
 ParOldGen       total 228352K, used 5174K [0x00000005c3800000, 0x00000005d1700000, 0x0000000716800000)
  object space 228352K, 2% used [0x00000005c3800000,0x00000005c3d0d880,0x00000005d1700000)
 Metaspace       used 28891K, capacity 29332K, committed 29696K, reserved 1075200K
  class space    used 3163K, capacity 3306K, committed 3328K, reserved 1048576K
GC Heap History (6 events):
Event: 0.775 GC heap before
{Heap before GC invocations=1 (full 0):
 PSYoungGen      total 152576K, used 131072K [0x0000000716800000, 0x0000000721200000, 0x00000007c0000000)
  eden space 131072K, 100% used [0x0000000716800000,0x000000071e800000,0x000000071e800000)
  from space 21504K, 0% used [0x000000071fd00000,0x000000071fd00000,0x0000000721200000)
  to   space 21504K, 0% used [0x000000071e800000,0x000000071e800000,0x000000071fd00000)
 ParOldGen       total 348160K, used 0K [0x00000005c3800000, 0x00000005d8c00000, 0x0000000716800000)
  object space 348160K, 0% used [0x00000005c3800000,0x00000005c3800000,0x00000005d8c00000)
 Metaspace       used 15500K, capacity 15732K, committed 15872K, reserved 1062912K
  class space    used 1924K, capacity 2010K, committed 2048K, reserved 1048576K
Event: 0.779 GC heap after
Heap after GC invocations=1 (full 0):
 PSYoungGen      total 152576K, used 8098K [0x0000000716800000, 0x0000000721200000, 0x00000007c0000000)
  eden space 131072K, 0% used [0x0000000716800000,0x0000000716800000,0x000000071e800000)
  from space 21504K, 37% used [0x000000071e800000,0x000000071efe8898,0x000000071fd00000)
  to   space 21504K, 0% used [0x000000071fd00000,0x000000071fd00000,0x0000000721200000)
 ParOldGen       total 348160K, used 16K [0x00000005c3800000, 0x00000005d8c00000, 0x0000000716800000)
  object space 348160K, 0% used [0x00000005c3800000,0x00000005c3804000,0x00000005d8c00000)
 Metaspace       used 15500K, capacity 15732K, committed 15872K, reserved 1062912K
  class space    used 1924K, capacity 2010K, committed 2048K, reserved 1048576K
}
Event: 1.110 GC heap before
{Heap before GC invocations=2 (full 0):
 PSYoungGen      total 152576K, used 51234K [0x0000000716800000, 0x0000000721200000, 0x00000007c0000000)
  eden space 131072K, 32% used [0x0000000716800000,0x0000000719220230,0x000000071e800000)
  from space 21504K, 37% used [0x000000071e800000,0x000000071efe8898,0x000000071fd00000)
  to   space 21504K, 0% used [0x000000071fd00000,0x000000071fd00000,0x0000000721200000)
 ParOldGen       total 348160K, used 16K [0x00000005c3800000, 0x00000005d8c00000, 0x0000000716800000)
  object space 348160K, 0% used [0x00000005c3800000,0x00000005c3804000,0x00000005d8c00000)
 Metaspace       used 20727K, capacity 21102K, committed 21296K, reserved 1069056K
  class space    used 2503K, capacity 2633K, committed 2688K, reserved 1048576K
Event: 1.113 GC heap after
Heap after GC invocations=2 (full 0):
 PSYoungGen      total 152576K, used 5491K [0x0000000716800000, 0x0000000721200000, 0x00000007c0000000)
  eden space 131072K, 0% used [0x0000000716800000,0x0000000716800000,0x000000071e800000)
  from space 21504K, 25% used [0x000000071fd00000,0x000000072025cd98,0x0000000721200000)
  to   space 21504K, 0% used [0x000000071e800000,0x000000071e800000,0x000000071fd00000)
 ParOldGen       total 348160K, used 24K [0x00000005c3800000, 0x00000005d8c00000, 0x0000000716800000)
  object space 348160K, 0% used [0x00000005c3800000,0x00000005c3806000,0x00000005d8c00000)
 Metaspace       used 20727K, capacity 21102K, committed 21296K, reserved 1069056K
  class space    used 2503K, capacity 2633K, committed 2688K, reserved 1048576K
}
Event: 1.113 GC heap before
{Heap before GC invocations=3 (full 1):
 PSYoungGen      total 152576K, used 5491K [0x0000000716800000, 0x0000000721200000, 0x00000007c0000000)
  eden space 131072K, 0% used [0x0000000716800000,0x0000000716800000,0x000000071e800000)
  from space 21504K, 25% used [0x000000071fd00000,0x000000072025cd98,0x0000000721200000)
  to   space 21504K, 0% used [0x000000071e800000,0x000000071e800000,0x000000071fd00000)
 ParOldGen       total 348160K, used 24K [0x00000005c3800000, 0x00000005d8c00000, 0x0000000716800000)
  object space 348160K, 0% used [0x00000005c3800000,0x00000005c3806000,0x00000005d8c00000)
 Metaspace       used 20727K, capacity 21102K, committed 21296K, reserved 1069056K
  class space    used 2503K, capacity 2633K, committed 2688K, reserved 1048576K
Event: 1.133 GC heap after
Heap after GC invocations=3 (full 1):
 PSYoungGen      total 152576K, used 0K [0x0000000716800000, 0x0000000721200000, 0x00000007c0000000)
  eden space 131072K, 0% used [0x0000000716800000,0x0000000716800000,0x000000071e800000)
  from space 21504K, 0% used [0x000000071fd00000,0x000000071fd00000,0x0000000721200000)
  to   space 21504K, 0% used [0x000000071e800000,0x000000071e800000,0x000000071fd00000)
 ParOldGen       total 228352K, used 5174K [0x00000005c3800000, 0x00000005d1700000, 0x0000000716800000)
  object space 228352K, 2% used [0x00000005c3800000,0x00000005c3d0d880,0x00000005d1700000)
 Metaspace       used 20711K, capacity 21054K, committed 21296K, reserved 1069056K
  class space    used 2499K, capacity 2625K, committed 2688K, reserved 1048576K
}

