# JRE version: Java(TM) SE Runtime Environment (8.0_371) (build 1.8.0_371-b11)
# Java VM: Java HotSpot(TM) 64-Bit Server VM (25.371-b11 mixed mode windows-amd64 compressed oops)
Heap:
 PSYoungGen      total 152576K, used 90738K [0x0000000716800000, 0x0000000721200000, 0x00000007c0000000)
  eden space 131072K, 69% used [0x0000000716800000,0x000000071c09c948,0x000000071e800000)
  from space 21504K, 0% used [0x000000071fd00000,0x000000071fd00000,0x0000000721200000)
  to   space 21504K, 0% used [0x000000071e800000,0x000000071e800000,0x000000071fd00000)
 ParOldGen       total 219648K, used 5180K [0x00000005c3800000, 0x00000005d0e80000, 0x0000000716800000)
  object space 219648K, 2% used [0x00000005c3800000,0x00000005c3d0f360,0x00000005d0e80000)
 Metaspace       used 29072K, capacity 29544K, committed 29952K, reserved 1075200K
  class space    used 3167K, capacity 3308K, committed 3328K, reserved 1048576K
GC Heap History (6 events):
Event: 0.774 GC heap before
{Heap before GC invocations=1 (full 0):
 PSYoungGen      total 152576K, used 131072K [0x0000000716800000, 0x0000000721200000, 0x00000007c0000000)
  eden space 131072K, 100% used [0x0000000716800000,0x000000071e800000,0x000000071e800000)
  from space 21504K, 0% used [0x000000071fd00000,0x000000071fd00000,0x0000000721200000)
  to   space 21504K, 0% used [0x000000071e800000,0x000000071e800000,0x000000071fd00000)
 ParOldGen       total 348160K, used 0K [0x00000005c3800000, 0x00000005d8c00000, 0x0000000716800000)
  object space 348160K, 0% used [0x00000005c3800000,0x00000005c3800000,0x00000005d8c00000)
 Metaspace       used 15487K, capacity 15732K, committed 15872K, reserved 1062912K
  class space    used 1919K, capacity 2010K, committed 2048K, reserved 1048576K
Event: 0.779 GC heap after
Heap after GC invocations=1 (full 0):
 PSYoungGen      total 152576K, used 8014K [0x0000000716800000, 0x0000000721200000, 0x00000007c0000000)
  eden space 131072K, 0% used [0x0000000716800000,0x0000000716800000,0x000000071e800000)
  from space 21504K, 37% used [0x000000071e800000,0x000000071efd3a20,0x000000071fd00000)
  to   space 21504K, 0% used [0x000000071fd00000,0x000000071fd00000,0x0000000721200000)
 ParOldGen       total 348160K, used 16K [0x00000005c3800000, 0x00000005d8c00000, 0x0000000716800000)
  object space 348160K, 0% used [0x00000005c3800000,0x00000005c3804000,0x00000005d8c00000)
 Metaspace       used 15487K, capacity 15732K, committed 15872K, reserved 1062912K
  class space    used 1919K, capacity 2010K, committed 2048K, reserved 1048576K
}
Event: 1.132 GC heap before
{Heap before GC invocations=2 (full 0):
 PSYoungGen      total 152576K, used 51114K [0x0000000716800000, 0x0000000721200000, 0x00000007c0000000)
  eden space 131072K, 32% used [0x0000000716800000,0x0000000719216f10,0x000000071e800000)
  from space 21504K, 37% used [0x000000071e800000,0x000000071efd3a20,0x000000071fd00000)
  to   space 21504K, 0% used [0x000000071fd00000,0x000000071fd00000,0x0000000721200000)
 ParOldGen       total 348160K, used 16K [0x00000005c3800000, 0x00000005d8c00000, 0x0000000716800000)
  object space 348160K, 0% used [0x00000005c3800000,0x00000005c3804000,0x00000005d8c00000)
 Metaspace       used 20727K, capacity 21102K, committed 21296K, reserved 1069056K
  class space    used 2504K, capacity 2633K, committed 2688K, reserved 1048576K
Event: 1.135 GC heap after
Heap after GC invocations=2 (full 0):
 PSYoungGen      total 152576K, used 5429K [0x0000000716800000, 0x0000000721200000, 0x00000007c0000000)
  eden space 131072K, 0% used [0x0000000716800000,0x0000000716800000,0x000000071e800000)
  from space 21504K, 25% used [0x000000071fd00000,0x000000072024d6d8,0x0000000721200000)
  to   space 21504K, 0% used [0x000000071e800000,0x000000071e800000,0x000000071fd00000)
 ParOldGen       total 348160K, used 24K [0x00000005c3800000, 0x00000005d8c00000, 0x0000000716800000)
  object space 348160K, 0% used [0x00000005c3800000,0x00000005c3806000,0x00000005d8c00000)
 Metaspace       used 20727K, capacity 21102K, committed 21296K, reserved 1069056K
  class space    used 2504K, capacity 2633K, committed 2688K, reserved 1048576K
}
Event: 1.135 GC heap before
{Heap before GC invocations=3 (full 1):
 PSYoungGen      total 152576K, used 5429K [0x0000000716800000, 0x0000000721200000, 0x00000007c0000000)
  eden space 131072K, 0% used [0x0000000716800000,0x0000000716800000,0x000000071e800000)
  from space 21504K, 25% used [0x000000071fd00000,0x000000072024d6d8,0x0000000721200000)
  to   space 21504K, 0% used [0x000000071e800000,0x000000071e800000,0x000000071fd00000)
 ParOldGen       total 348160K, used 24K [0x00000005c3800000, 0x00000005d8c00000, 0x0000000716800000)
  object space 348160K, 0% used [0x00000005c3800000,0x00000005c3806000,0x00000005d8c00000)
 Metaspace       used 20727K, capacity 21102K, committed 21296K, reserved 1069056K
  class space    used 2504K, capacity 2633K, committed 2688K, reserved 1048576K
Event: 1.149 GC heap after
Heap after GC invocations=3 (full 1):
 PSYoungGen      total 152576K, used 0K [0x0000000716800000, 0x0000000721200000, 0x00000007c0000000)
  eden space 131072K, 0% used [0x0000000716800000,0x0000000716800000,0x000000071e800000)
  from space 21504K, 0% used [0x000000071fd00000,0x000000071fd00000,0x0000000721200000)
  to   space 21504K, 0% used [0x000000071e800000,0x000000071e800000,0x000000071fd00000)
 ParOldGen       total 219648K, used 5180K [0x00000005c3800000, 0x00000005d0e80000, 0x0000000716800000)
  object space 219648K, 2% used [0x00000005c3800000,0x00000005c3d0f360,0x00000005d0e80000)
 Metaspace       used 20712K, capacity 21054K, committed 21296K, reserved 1069056K
  class space    used 2499K, capacity 2625K, committed 2688K, reserved 1048576K
}

