# JRE version: Java(TM) SE Runtime Environment (8.0_371) (build 1.8.0_371-b11)
# Java VM: Java HotSpot(TM) 64-Bit Server VM (25.371-b11 mixed mode windows-amd64 compressed oops)
Heap:
 PSYoungGen      total 152576K, used 66339K [0x0000000716800000, 0x0000000729200000, 0x00000007c0000000)
  eden space 131072K, 50% used [0x0000000716800000,0x000000071a8c8c60,0x000000071e800000)
  from space 21504K, 0% used [0x000000071fd00000,0x000000071fd00000,0x0000000721200000)
  to   space 21504K, 0% used [0x000000071e800000,0x000000071e800000,0x000000071fd00000)
 ParOldGen       total 215040K, used 4937K [0x00000005c3800000, 0x00000005d0a00000, 0x0000000716800000)
  object space 215040K, 2% used [0x00000005c3800000,0x00000005c3cd2700,0x00000005d0a00000)
 Metaspace       used 28814K, capacity 29230K, committed 29696K, reserved 1075200K
  class space    used 3168K, capacity 3319K, committed 3328K, reserved 1048576K
GC Heap History (6 events):
Event: 0.840 GC heap before
{Heap before GC invocations=1 (full 0):
 PSYoungGen      total 152576K, used 131072K [0x0000000716800000, 0x0000000721200000, 0x00000007c0000000)
  eden space 131072K, 100% used [0x0000000716800000,0x000000071e800000,0x000000071e800000)
  from space 21504K, 0% used [0x000000071fd00000,0x000000071fd00000,0x0000000721200000)
  to   space 21504K, 0% used [0x000000071e800000,0x000000071e800000,0x000000071fd00000)
 ParOldGen       total 348160K, used 0K [0x00000005c3800000, 0x00000005d8c00000, 0x0000000716800000)
  object space 348160K, 0% used [0x00000005c3800000,0x00000005c3800000,0x00000005d8c00000)
 Metaspace       used 15474K, capacity 15796K, committed 16128K, reserved 1062912K
  class space    used 1911K, capacity 2010K, committed 2048K, reserved 1048576K
Event: 0.848 GC heap after
Heap after GC invocations=1 (full 0):
 PSYoungGen      total 152576K, used 8232K [0x0000000716800000, 0x0000000721200000, 0x00000007c0000000)
  eden space 131072K, 0% used [0x0000000716800000,0x0000000716800000,0x000000071e800000)
  from space 21504K, 38% used [0x000000071e800000,0x000000071f00a3c8,0x000000071fd00000)
  to   space 21504K, 0% used [0x000000071fd00000,0x000000071fd00000,0x0000000721200000)
 ParOldGen       total 348160K, used 16K [0x00000005c3800000, 0x00000005d8c00000, 0x0000000716800000)
  object space 348160K, 0% used [0x00000005c3800000,0x00000005c3804000,0x00000005d8c00000)
 Metaspace       used 15474K, capacity 15796K, committed 16128K, reserved 1062912K
  class space    used 1911K, capacity 2010K, committed 2048K, reserved 1048576K
}
Event: 1.239 GC heap before
{Heap before GC invocations=2 (full 0):
 PSYoungGen      total 152576K, used 52222K [0x0000000716800000, 0x0000000721200000, 0x00000007c0000000)
  eden space 131072K, 33% used [0x0000000716800000,0x00000007192f54d8,0x000000071e800000)
  from space 21504K, 38% used [0x000000071e800000,0x000000071f00a3c8,0x000000071fd00000)
  to   space 21504K, 0% used [0x000000071fd00000,0x000000071fd00000,0x0000000721200000)
 ParOldGen       total 348160K, used 16K [0x00000005c3800000, 0x00000005d8c00000, 0x0000000716800000)
  object space 348160K, 0% used [0x00000005c3800000,0x00000005c3804000,0x00000005d8c00000)
 Metaspace       used 20720K, capacity 21030K, committed 21296K, reserved 1069056K
  class space    used 2545K, capacity 2642K, committed 2688K, reserved 1048576K
Event: 1.245 GC heap after
Heap after GC invocations=2 (full 0):
 PSYoungGen      total 152576K, used 5260K [0x0000000716800000, 0x0000000729200000, 0x00000007c0000000)
  eden space 131072K, 0% used [0x0000000716800000,0x0000000716800000,0x000000071e800000)
  from space 21504K, 24% used [0x000000071fd00000,0x0000000720223078,0x0000000721200000)
  to   space 21504K, 0% used [0x000000071e800000,0x000000071e800000,0x000000071fd00000)
 ParOldGen       total 348160K, used 24K [0x00000005c3800000, 0x00000005d8c00000, 0x0000000716800000)
  object space 348160K, 0% used [0x00000005c3800000,0x00000005c3806000,0x00000005d8c00000)
 Metaspace       used 20720K, capacity 21030K, committed 21296K, reserved 1069056K
  class space    used 2545K, capacity 2642K, committed 2688K, reserved 1048576K
}
Event: 1.245 GC heap before
{Heap before GC invocations=3 (full 1):
 PSYoungGen      total 152576K, used 5260K [0x0000000716800000, 0x0000000729200000, 0x00000007c0000000)
  eden space 131072K, 0% used [0x0000000716800000,0x0000000716800000,0x000000071e800000)
  from space 21504K, 24% used [0x000000071fd00000,0x0000000720223078,0x0000000721200000)
  to   space 21504K, 0% used [0x000000071e800000,0x000000071e800000,0x000000071fd00000)
 ParOldGen       total 348160K, used 24K [0x00000005c3800000, 0x00000005d8c00000, 0x0000000716800000)
  object space 348160K, 0% used [0x00000005c3800000,0x00000005c3806000,0x00000005d8c00000)
 Metaspace       used 20720K, capacity 21030K, committed 21296K, reserved 1069056K
  class space    used 2545K, capacity 2642K, committed 2688K, reserved 1048576K
Event: 1.266 GC heap after
Heap after GC invocations=3 (full 1):
 PSYoungGen      total 152576K, used 0K [0x0000000716800000, 0x0000000729200000, 0x00000007c0000000)
  eden space 131072K, 0% used [0x0000000716800000,0x0000000716800000,0x000000071e800000)
  from space 21504K, 0% used [0x000000071fd00000,0x000000071fd00000,0x0000000721200000)
  to   space 21504K, 0% used [0x000000071e800000,0x000000071e800000,0x000000071fd00000)
 ParOldGen       total 215040K, used 4937K [0x00000005c3800000, 0x00000005d0a00000, 0x0000000716800000)
  object space 215040K, 2% used [0x00000005c3800000,0x00000005c3cd2700,0x00000005d0a00000)
 Metaspace       used 20704K, capacity 20982K, committed 21296K, reserved 1069056K
  class space    used 2540K, capacity 2634K, committed 2688K, reserved 1048576K
}

