# JRE version: Java(TM) SE Runtime Environment (8.0_371) (build 1.8.0_371-b11)
# Java VM: Java HotSpot(TM) 64-Bit Server VM (25.371-b11 mixed mode windows-amd64 compressed oops)
Heap:
 PSYoungGen      total 152576K, used 123295K [0x00000145b3000000, 0x00000145bda00000, 0x000001465c800000)
  eden space 131072K, 94% used [0x00000145b3000000,0x00000145ba867ef0,0x00000145bb000000)
  from space 21504K, 0% used [0x00000145bc500000,0x00000145bc500000,0x00000145bda00000)
  to   space 21504K, 0% used [0x00000145bb000000,0x00000145bb000000,0x00000145bc500000)
 ParOldGen       total 230400K, used 5279K [0x0000014460000000, 0x000001446e100000, 0x00000145b3000000)
  object space 230400K, 2% used [0x0000014460000000,0x0000014460527dd8,0x000001446e100000)
 Metaspace       used 28372K, capacity 28844K, committed 29312K, reserved 1075200K
  class space    used 3233K, capacity 3382K, committed 3456K, reserved 1048576K
GC Heap History (6 events):
Event: 0.769 GC heap before
{Heap before GC invocations=1 (full 0):
 PSYoungGen      total 152576K, used 131072K [0x00000145b3000000, 0x00000145bda00000, 0x000001465c800000)
  eden space 131072K, 100% used [0x00000145b3000000,0x00000145bb000000,0x00000145bb000000)
  from space 21504K, 0% used [0x00000145bc500000,0x00000145bc500000,0x00000145bda00000)
  to   space 21504K, 0% used [0x00000145bb000000,0x00000145bb000000,0x00000145bc500000)
 ParOldGen       total 348160K, used 0K [0x0000014460000000, 0x0000014475400000, 0x00000145b3000000)
  object space 348160K, 0% used [0x0000014460000000,0x0000014460000000,0x0000014475400000)
 Metaspace       used 14957K, capacity 15188K, committed 15488K, reserved 1062912K
  class space    used 1832K, capacity 1914K, committed 1920K, reserved 1048576K
Event: 0.775 GC heap after
Heap after GC invocations=1 (full 0):
 PSYoungGen      total 152576K, used 7768K [0x00000145b3000000, 0x00000145bda00000, 0x000001465c800000)
  eden space 131072K, 0% used [0x00000145b3000000,0x00000145b3000000,0x00000145bb000000)
  from space 21504K, 36% used [0x00000145bb000000,0x00000145bb796150,0x00000145bc500000)
  to   space 21504K, 0% used [0x00000145bc500000,0x00000145bc500000,0x00000145bda00000)
 ParOldGen       total 348160K, used 16K [0x0000014460000000, 0x0000014475400000, 0x00000145b3000000)
  object space 348160K, 0% used [0x0000014460000000,0x0000014460004000,0x0000014475400000)
 Metaspace       used 14957K, capacity 15188K, committed 15488K, reserved 1062912K
  class space    used 1832K, capacity 1914K, committed 1920K, reserved 1048576K
}
Event: 1.163 GC heap before
{Heap before GC invocations=2 (full 0):
 PSYoungGen      total 152576K, used 54305K [0x00000145b3000000, 0x00000145bda00000, 0x000001465c800000)
  eden space 131072K, 35% used [0x00000145b3000000,0x00000145b5d72498,0x00000145bb000000)
  from space 21504K, 36% used [0x00000145bb000000,0x00000145bb796150,0x00000145bc500000)
  to   space 21504K, 0% used [0x00000145bc500000,0x00000145bc500000,0x00000145bda00000)
 ParOldGen       total 348160K, used 16K [0x0000014460000000, 0x0000014475400000, 0x00000145b3000000)
  object space 348160K, 0% used [0x0000014460000000,0x0000014460004000,0x0000014475400000)
 Metaspace       used 20788K, capacity 21030K, committed 21296K, reserved 1069056K
  class space    used 2553K, capacity 2642K, committed 2688K, reserved 1048576K
Event: 1.166 GC heap after
Heap after GC invocations=2 (full 0):
 PSYoungGen      total 152576K, used 5512K [0x00000145b3000000, 0x00000145bda00000, 0x000001465c800000)
  eden space 131072K, 0% used [0x00000145b3000000,0x00000145b3000000,0x00000145bb000000)
  from space 21504K, 25% used [0x00000145bc500000,0x00000145bca620b0,0x00000145bda00000)
  to   space 21504K, 0% used [0x00000145bb000000,0x00000145bb000000,0x00000145bc500000)
 ParOldGen       total 348160K, used 24K [0x0000014460000000, 0x0000014475400000, 0x00000145b3000000)
  object space 348160K, 0% used [0x0000014460000000,0x0000014460006000,0x0000014475400000)
 Metaspace       used 20788K, capacity 21030K, committed 21296K, reserved 1069056K
  class space    used 2553K, capacity 2642K, committed 2688K, reserved 1048576K
}
Event: 1.166 GC heap before
{Heap before GC invocations=3 (full 1):
 PSYoungGen      total 152576K, used 5512K [0x00000145b3000000, 0x00000145bda00000, 0x000001465c800000)
  eden space 131072K, 0% used [0x00000145b3000000,0x00000145b3000000,0x00000145bb000000)
  from space 21504K, 25% used [0x00000145bc500000,0x00000145bca620b0,0x00000145bda00000)
  to   space 21504K, 0% used [0x00000145bb000000,0x00000145bb000000,0x00000145bc500000)
 ParOldGen       total 348160K, used 24K [0x0000014460000000, 0x0000014475400000, 0x00000145b3000000)
  object space 348160K, 0% used [0x0000014460000000,0x0000014460006000,0x0000014475400000)
 Metaspace       used 20788K, capacity 21030K, committed 21296K, reserved 1069056K
  class space    used 2553K, capacity 2642K, committed 2688K, reserved 1048576K
Event: 1.189 GC heap after
Heap after GC invocations=3 (full 1):
 PSYoungGen      total 152576K, used 0K [0x00000145b3000000, 0x00000145bda00000, 0x000001465c800000)
  eden space 131072K, 0% used [0x00000145b3000000,0x00000145b3000000,0x00000145bb000000)
  from space 21504K, 0% used [0x00000145bc500000,0x00000145bc500000,0x00000145bda00000)
  to   space 21504K, 0% used [0x00000145bb000000,0x00000145bb000000,0x00000145bc500000)
 ParOldGen       total 230400K, used 5279K [0x0000014460000000, 0x000001446e100000, 0x00000145b3000000)
  object space 230400K, 2% used [0x0000014460000000,0x0000014460527dd8,0x000001446e100000)
 Metaspace       used 20773K, capacity 20982K, committed 21296K, reserved 1069056K
  class space    used 2549K, capacity 2634K, committed 2688K, reserved 1048576K
}

