# JRE version: Java(TM) SE Runtime Environment (8.0_371) (build 1.8.0_371-b11)
# Java VM: Java HotSpot(TM) 64-Bit Server VM (25.371-b11 mixed mode windows-amd64 compressed oops)
Heap:
 PSYoungGen      total 172544K, used 141552K [0x000001f1b5600000, 0x000001f1c0d80000, 0x000001f25ee00000)
  eden space 151040K, 91% used [0x000001f1b5600000,0x000001f1bdce8950,0x000001f1be980000)
  from space 21504K, 15% used [0x000001f1be980000,0x000001f1becd3770,0x000001f1bfe80000)
  to   space 9216K, 0% used [0x000001f1c0480000,0x000001f1c0480000,0x000001f1c0d80000)
 ParOldGen       total 236032K, used 5217K [0x000001f062600000, 0x000001f070c80000, 0x000001f1b5600000)
  object space 236032K, 2% used [0x000001f062600000,0x000001f062b18430,0x000001f070c80000)
 Metaspace       used 29187K, capacity 29676K, committed 29952K, reserved 1075200K
  class space    used 3164K, capacity 3306K, committed 3328K, reserved 1048576K
GC Heap History (10 events):
Event: 1.117 GC heap before
{Heap before GC invocations=2 (full 0):
 PSYoungGen      total 152576K, used 50918K [0x000001f1b5600000, 0x000001f1c0000000, 0x000001f25ee00000)
  eden space 131072K, 32% used [0x000001f1b5600000,0x000001f1b7fd8fb0,0x000001f1bd600000)
  from space 21504K, 37% used [0x000001f1bd600000,0x000001f1bdde0958,0x000001f1beb00000)
  to   space 21504K, 0% used [0x000001f1beb00000,0x000001f1beb00000,0x000001f1c0000000)
 ParOldGen       total 348160K, used 16K [0x000001f062600000, 0x000001f077a00000, 0x000001f1b5600000)
  object space 348160K, 0% used [0x000001f062600000,0x000001f062604000,0x000001f077a00000)
 Metaspace       used 20724K, capacity 21102K, committed 21296K, reserved 1069056K
  class space    used 2503K, capacity 2633K, committed 2688K, reserved 1048576K
Event: 1.120 GC heap after
Heap after GC invocations=2 (full 0):
 PSYoungGen      total 152576K, used 5377K [0x000001f1b5600000, 0x000001f1c0000000, 0x000001f25ee00000)
  eden space 131072K, 0% used [0x000001f1b5600000,0x000001f1b5600000,0x000001f1bd600000)
  from space 21504K, 25% used [0x000001f1beb00000,0x000001f1bf040770,0x000001f1c0000000)
  to   space 21504K, 0% used [0x000001f1bd600000,0x000001f1bd600000,0x000001f1beb00000)
 ParOldGen       total 348160K, used 24K [0x000001f062600000, 0x000001f077a00000, 0x000001f1b5600000)
  object space 348160K, 0% used [0x000001f062600000,0x000001f062606000,0x000001f077a00000)
 Metaspace       used 20724K, capacity 21102K, committed 21296K, reserved 1069056K
  class space    used 2503K, capacity 2633K, committed 2688K, reserved 1048576K
}
Event: 1.120 GC heap before
{Heap before GC invocations=3 (full 1):
 PSYoungGen      total 152576K, used 5377K [0x000001f1b5600000, 0x000001f1c0000000, 0x000001f25ee00000)
  eden space 131072K, 0% used [0x000001f1b5600000,0x000001f1b5600000,0x000001f1bd600000)
  from space 21504K, 25% used [0x000001f1beb00000,0x000001f1bf040770,0x000001f1c0000000)
  to   space 21504K, 0% used [0x000001f1bd600000,0x000001f1bd600000,0x000001f1beb00000)
 ParOldGen       total 348160K, used 24K [0x000001f062600000, 0x000001f077a00000, 0x000001f1b5600000)
  object space 348160K, 0% used [0x000001f062600000,0x000001f062606000,0x000001f077a00000)
 Metaspace       used 20724K, capacity 21102K, committed 21296K, reserved 1069056K
  class space    used 2503K, capacity 2633K, committed 2688K, reserved 1048576K
Event: 1.146 GC heap after
Heap after GC invocations=3 (full 1):
 PSYoungGen      total 152576K, used 0K [0x000001f1b5600000, 0x000001f1c0000000, 0x000001f25ee00000)
  eden space 131072K, 0% used [0x000001f1b5600000,0x000001f1b5600000,0x000001f1bd600000)
  from space 21504K, 0% used [0x000001f1beb00000,0x000001f1beb00000,0x000001f1c0000000)
  to   space 21504K, 0% used [0x000001f1bd600000,0x000001f1bd600000,0x000001f1beb00000)
 ParOldGen       total 236032K, used 5174K [0x000001f062600000, 0x000001f070c80000, 0x000001f1b5600000)
  object space 236032K, 2% used [0x000001f062600000,0x000001f062b0d800,0x000001f070c80000)
 Metaspace       used 20709K, capacity 21054K, committed 21296K, reserved 1069056K
  class space    used 2499K, capacity 2625K, committed 2688K, reserved 1048576K
}
Event: 5.546 GC heap before
{Heap before GC invocations=4 (full 1):
 PSYoungGen      total 152576K, used 131072K [0x000001f1b5600000, 0x000001f1c0000000, 0x000001f25ee00000)
  eden space 131072K, 100% used [0x000001f1b5600000,0x000001f1bd600000,0x000001f1bd600000)
  from space 21504K, 0% used [0x000001f1beb00000,0x000001f1beb00000,0x000001f1c0000000)
  to   space 21504K, 0% used [0x000001f1bd600000,0x000001f1bd600000,0x000001f1beb00000)
 ParOldGen       total 236032K, used 5174K [0x000001f062600000, 0x000001f070c80000, 0x000001f1b5600000)
  object space 236032K, 2% used [0x000001f062600000,0x000001f062b0d800,0x000001f070c80000)
 Metaspace       used 29101K, capacity 29528K, committed 29952K, reserved 1075200K
  class space    used 3164K, capacity 3306K, committed 3328K, reserved 1048576K
Event: 5.548 GC heap after
Heap after GC invocations=4 (full 1):
 PSYoungGen      total 152576K, used 4346K [0x000001f1b5600000, 0x000001f1c1780000, 0x000001f25ee00000)
  eden space 131072K, 0% used [0x000001f1b5600000,0x000001f1b5600000,0x000001f1bd600000)
  from space 21504K, 20% used [0x000001f1bd600000,0x000001f1bda3e9e0,0x000001f1beb00000)
  to   space 21504K, 0% used [0x000001f1c0280000,0x000001f1c0280000,0x000001f1c1780000)
 ParOldGen       total 236032K, used 5201K [0x000001f062600000, 0x000001f070c80000, 0x000001f1b5600000)
  object space 236032K, 2% used [0x000001f062600000,0x000001f062b14430,0x000001f070c80000)
 Metaspace       used 29101K, capacity 29528K, committed 29952K, reserved 1075200K
  class space    used 3164K, capacity 3306K, committed 3328K, reserved 1048576K
}
Event: 9.656 GC heap before
{Heap before GC invocations=5 (full 1):
 PSYoungGen      total 152576K, used 135418K [0x000001f1b5600000, 0x000001f1c1780000, 0x000001f25ee00000)
  eden space 131072K, 100% used [0x000001f1b5600000,0x000001f1bd600000,0x000001f1bd600000)
  from space 21504K, 20% used [0x000001f1bd600000,0x000001f1bda3e9e0,0x000001f1beb00000)
  to   space 21504K, 0% used [0x000001f1c0280000,0x000001f1c0280000,0x000001f1c1780000)
 ParOldGen       total 236032K, used 5201K [0x000001f062600000, 0x000001f070c80000, 0x000001f1b5600000)
  object space 236032K, 2% used [0x000001f062600000,0x000001f062b14430,0x000001f070c80000)
 Metaspace       used 29187K, capacity 29676K, committed 29952K, reserved 1075200K
  class space    used 3164K, capacity 3306K, committed 3328K, reserved 1048576K
Event: 9.659 GC heap after
Heap after GC invocations=5 (full 1):
 PSYoungGen      total 168448K, used 3053K [0x000001f1b5600000, 0x000001f1c1380000, 0x000001f25ee00000)
  eden space 151040K, 0% used [0x000001f1b5600000,0x000001f1b5600000,0x000001f1be980000)
  from space 17408K, 17% used [0x000001f1c0280000,0x000001f1c057b770,0x000001f1c1380000)
  to   space 21504K, 0% used [0x000001f1be980000,0x000001f1be980000,0x000001f1bfe80000)
 ParOldGen       total 236032K, used 5209K [0x000001f062600000, 0x000001f070c80000, 0x000001f1b5600000)
  object space 236032K, 2% used [0x000001f062600000,0x000001f062b16430,0x000001f070c80000)
 Metaspace       used 29187K, capacity 29676K, committed 29952K, reserved 1075200K
  class space    used 3164K, capacity 3306K, committed 3328K, reserved 1048576K
}
Event: 14.636 GC heap before
{Heap before GC invocations=6 (full 1):
 PSYoungGen      total 168448K, used 154093K [0x000001f1b5600000, 0x000001f1c1380000, 0x000001f25ee00000)
  eden space 151040K, 100% used [0x000001f1b5600000,0x000001f1be980000,0x000001f1be980000)
  from space 17408K, 17% used [0x000001f1c0280000,0x000001f1c057b770,0x000001f1c1380000)
  to   space 21504K, 0% used [0x000001f1be980000,0x000001f1be980000,0x000001f1bfe80000)
 ParOldGen       total 236032K, used 5209K [0x000001f062600000, 0x000001f070c80000, 0x000001f1b5600000)
  object space 236032K, 2% used [0x000001f062600000,0x000001f062b16430,0x000001f070c80000)
 Metaspace       used 29187K, capacity 29676K, committed 29952K, reserved 1075200K
  class space    used 3164K, capacity 3306K, committed 3328K, reserved 1048576K
Event: 14.639 GC heap after
Heap after GC invocations=6 (full 1):
 PSYoungGen      total 172544K, used 3405K [0x000001f1b5600000, 0x000001f1c0d80000, 0x000001f25ee00000)
  eden space 151040K, 0% used [0x000001f1b5600000,0x000001f1b5600000,0x000001f1be980000)
  from space 21504K, 15% used [0x000001f1be980000,0x000001f1becd3770,0x000001f1bfe80000)
  to   space 9216K, 0% used [0x000001f1c0480000,0x000001f1c0480000,0x000001f1c0d80000)
 ParOldGen       total 236032K, used 5217K [0x000001f062600000, 0x000001f070c80000, 0x000001f1b5600000)
  object space 236032K, 2% used [0x000001f062600000,0x000001f062b18430,0x000001f070c80000)
 Metaspace       used 29187K, capacity 29676K, committed 29952K, reserved 1075200K
  class space    used 3164K, capacity 3306K, committed 3328K, reserved 1048576K
}

