# JRE version: Java(TM) SE Runtime Environment (8.0_371) (build 1.8.0_371-b11)
# Java VM: Java HotSpot(TM) 64-Bit Server VM (25.371-b11 mixed mode windows-amd64 compressed oops)
Heap:
 PSYoungGen      total 120320K, used 26290K [0x0000000716800000, 0x000000071e600000, 0x00000007c0000000)
  eden space 115712K, 21% used [0x0000000716800000,0x00000007180d4a78,0x000000071d900000)
  from space 4608K, 18% used [0x000000071e180000,0x000000071e258000,0x000000071e600000)
  to   space 6656K, 0% used [0x000000071d900000,0x000000071d900000,0x000000071df80000)
 ParOldGen       total 238080K, used 9782K [0x00000005c3800000, 0x00000005d2080000, 0x0000000716800000)
  object space 238080K, 4% used [0x00000005c3800000,0x00000005c418d8d8,0x00000005d2080000)
 Metaspace       used 23603K, capacity 23946K, committed 24320K, reserved 1071104K
  class space    used 2357K, capacity 2480K, committed 2560K, reserved 1048576K
GC Heap History (10 events):
Event: 237.310 GC heap before
{Heap before GC invocations=9 (full 1):
 PSYoungGen      total 125952K, used 125843K [0x0000000716800000, 0x000000071f400000, 0x00000007c0000000)
  eden space 124928K, 100% used [0x0000000716800000,0x000000071e200000,0x000000071e200000)
  from space 1024K, 89% used [0x000000071e400000,0x000000071e4e4f08,0x000000071e500000)
  to   space 8704K, 0% used [0x000000071eb80000,0x000000071eb80000,0x000000071f400000)
 ParOldGen       total 238080K, used 9782K [0x00000005c3800000, 0x00000005d2080000, 0x0000000716800000)
  object space 238080K, 4% used [0x00000005c3800000,0x00000005c418d8d8,0x00000005d2080000)
 Metaspace       used 23555K, capacity 23946K, committed 24320K, reserved 1071104K
  class space    used 2352K, capacity 2480K, committed 2560K, reserved 1048576K
Event: 237.311 GC heap after
Heap after GC invocations=9 (full 1):
 PSYoungGen      total 127488K, used 851K [0x0000000716800000, 0x000000071f000000, 0x00000007c0000000)
  eden space 122880K, 0% used [0x0000000716800000,0x0000000716800000,0x000000071e000000)
  from space 4608K, 18% used [0x000000071eb80000,0x000000071ec54f08,0x000000071f000000)
  to   space 8192K, 0% used [0x000000071e000000,0x000000071e000000,0x000000071e800000)
 ParOldGen       total 238080K, used 9782K [0x00000005c3800000, 0x00000005d2080000, 0x0000000716800000)
  object space 238080K, 4% used [0x00000005c3800000,0x00000005c418d8d8,0x00000005d2080000)
 Metaspace       used 23555K, capacity 23946K, committed 24320K, reserved 1071104K
  class space    used 2352K, capacity 2480K, committed 2560K, reserved 1048576K
}
Event: 270.592 GC heap before
{Heap before GC invocations=10 (full 1):
 PSYoungGen      total 127488K, used 123731K [0x0000000716800000, 0x000000071f000000, 0x00000007c0000000)
  eden space 122880K, 100% used [0x0000000716800000,0x000000071e000000,0x000000071e000000)
  from space 4608K, 18% used [0x000000071eb80000,0x000000071ec54f08,0x000000071f000000)
  to   space 8192K, 0% used [0x000000071e000000,0x000000071e000000,0x000000071e800000)
 ParOldGen       total 238080K, used 9782K [0x00000005c3800000, 0x00000005d2080000, 0x0000000716800000)
  object space 238080K, 4% used [0x00000005c3800000,0x00000005c418d8d8,0x00000005d2080000)
 Metaspace       used 23584K, capacity 23946K, committed 24320K, reserved 1071104K
  class space    used 2353K, capacity 2480K, committed 2560K, reserved 1048576K
Event: 270.593 GC heap after
Heap after GC invocations=10 (full 1):
 PSYoungGen      total 121856K, used 947K [0x0000000716800000, 0x000000071ed00000, 0x00000007c0000000)
  eden space 120832K, 0% used [0x0000000716800000,0x0000000716800000,0x000000071de00000)
  from space 1024K, 92% used [0x000000071e000000,0x000000071e0ecf08,0x000000071e100000)
  to   space 7680K, 0% used [0x000000071e580000,0x000000071e580000,0x000000071ed00000)
 ParOldGen       total 238080K, used 9782K [0x00000005c3800000, 0x00000005d2080000, 0x0000000716800000)
  object space 238080K, 4% used [0x00000005c3800000,0x00000005c418d8d8,0x00000005d2080000)
 Metaspace       used 23584K, capacity 23946K, committed 24320K, reserved 1071104K
  class space    used 2353K, capacity 2480K, committed 2560K, reserved 1048576K
}
Event: 303.257 GC heap before
{Heap before GC invocations=11 (full 1):
 PSYoungGen      total 121856K, used 121779K [0x0000000716800000, 0x000000071ed00000, 0x00000007c0000000)
  eden space 120832K, 100% used [0x0000000716800000,0x000000071de00000,0x000000071de00000)
  from space 1024K, 92% used [0x000000071e000000,0x000000071e0ecf08,0x000000071e100000)
  to   space 7680K, 0% used [0x000000071e580000,0x000000071e580000,0x000000071ed00000)
 ParOldGen       total 238080K, used 9782K [0x00000005c3800000, 0x00000005d2080000, 0x0000000716800000)
  object space 238080K, 4% used [0x00000005c3800000,0x00000005c418d8d8,0x00000005d2080000)
 Metaspace       used 23585K, capacity 23946K, committed 24320K, reserved 1071104K
  class space    used 2353K, capacity 2480K, committed 2560K, reserved 1048576K
Event: 303.258 GC heap after
Heap after GC invocations=11 (full 1):
 PSYoungGen      total 124416K, used 947K [0x0000000716800000, 0x000000071eb00000, 0x00000007c0000000)
  eden space 118784K, 0% used [0x0000000716800000,0x0000000716800000,0x000000071dc00000)
  from space 5632K, 16% used [0x000000071e580000,0x000000071e66cf08,0x000000071eb00000)
  to   space 7680K, 0% used [0x000000071dc00000,0x000000071dc00000,0x000000071e380000)
 ParOldGen       total 238080K, used 9782K [0x00000005c3800000, 0x00000005d2080000, 0x0000000716800000)
  object space 238080K, 4% used [0x00000005c3800000,0x00000005c418d8d8,0x00000005d2080000)
 Metaspace       used 23585K, capacity 23946K, committed 24320K, reserved 1071104K
  class space    used 2353K, capacity 2480K, committed 2560K, reserved 1048576K
}
Event: 335.629 GC heap before
{Heap before GC invocations=12 (full 1):
 PSYoungGen      total 124416K, used 119731K [0x0000000716800000, 0x000000071eb00000, 0x00000007c0000000)
  eden space 118784K, 100% used [0x0000000716800000,0x000000071dc00000,0x000000071dc00000)
  from space 5632K, 16% used [0x000000071e580000,0x000000071e66cf08,0x000000071eb00000)
  to   space 7680K, 0% used [0x000000071dc00000,0x000000071dc00000,0x000000071e380000)
 ParOldGen       total 238080K, used 9782K [0x00000005c3800000, 0x00000005d2080000, 0x0000000716800000)
  object space 238080K, 4% used [0x00000005c3800000,0x00000005c418d8d8,0x00000005d2080000)
 Metaspace       used 23585K, capacity 23946K, committed 24320K, reserved 1071104K
  class space    used 2353K, capacity 2480K, committed 2560K, reserved 1048576K
Event: 335.630 GC heap after
Heap after GC invocations=12 (full 1):
 PSYoungGen      total 118272K, used 883K [0x0000000716800000, 0x000000071e880000, 0x00000007c0000000)
  eden space 117248K, 0% used [0x0000000716800000,0x0000000716800000,0x000000071da80000)
  from space 1024K, 86% used [0x000000071dc00000,0x000000071dcdcf08,0x000000071dd00000)
  to   space 7168K, 0% used [0x000000071e180000,0x000000071e180000,0x000000071e880000)
 ParOldGen       total 238080K, used 9782K [0x00000005c3800000, 0x00000005d2080000, 0x0000000716800000)
  object space 238080K, 4% used [0x00000005c3800000,0x00000005c418d8d8,0x00000005d2080000)
 Metaspace       used 23585K, capacity 23946K, committed 24320K, reserved 1071104K
  class space    used 2353K, capacity 2480K, committed 2560K, reserved 1048576K
}
Event: 367.555 GC heap before
{Heap before GC invocations=13 (full 1):
 PSYoungGen      total 118272K, used 118131K [0x0000000716800000, 0x000000071e880000, 0x00000007c0000000)
  eden space 117248K, 100% used [0x0000000716800000,0x000000071da80000,0x000000071da80000)
  from space 1024K, 86% used [0x000000071dc00000,0x000000071dcdcf08,0x000000071dd00000)
  to   space 7168K, 0% used [0x000000071e180000,0x000000071e180000,0x000000071e880000)
 ParOldGen       total 238080K, used 9782K [0x00000005c3800000, 0x00000005d2080000, 0x0000000716800000)
  object space 238080K, 4% used [0x00000005c3800000,0x00000005c418d8d8,0x00000005d2080000)
 Metaspace       used 23585K, capacity 23946K, committed 24320K, reserved 1071104K
  class space    used 2353K, capacity 2480K, committed 2560K, reserved 1048576K
Event: 367.556 GC heap after
Heap after GC invocations=13 (full 1):
 PSYoungGen      total 120320K, used 864K [0x0000000716800000, 0x000000071e600000, 0x00000007c0000000)
  eden space 115712K, 0% used [0x0000000716800000,0x0000000716800000,0x000000071d900000)
  from space 4608K, 18% used [0x000000071e180000,0x000000071e258000,0x000000071e600000)
  to   space 6656K, 0% used [0x000000071d900000,0x000000071d900000,0x000000071df80000)
 ParOldGen       total 238080K, used 9782K [0x00000005c3800000, 0x00000005d2080000, 0x0000000716800000)
  object space 238080K, 4% used [0x00000005c3800000,0x00000005c418d8d8,0x00000005d2080000)
 Metaspace       used 23585K, capacity 23946K, committed 24320K, reserved 1071104K
  class space    used 2353K, capacity 2480K, committed 2560K, reserved 1048576K
}

