# JRE version: Java(TM) SE Runtime Environment (8.0_371) (build 1.8.0_371-b11)
# Java VM: Java HotSpot(TM) 64-Bit Server VM (25.371-b11 mixed mode windows-amd64 compressed oops)
Heap:
 PSYoungGen      total 107008K, used 100004K [0x000001fd46800000, 0x000001fd4d680000, 0x000001fdf0000000)
  eden space 103936K, 95% used [0x000001fd46800000,0x000001fd4c9690c0,0x000001fd4cd80000)
  from space 3072K, 8% used [0x000001fd4d380000,0x000001fd4d3c0000,0x000001fd4d680000)
  to   space 4608K, 0% used [0x000001fd4cd80000,0x000001fd4cd80000,0x000001fd4d200000)
 ParOldGen       total 250368K, used 10589K [0x000001fbf3800000, 0x000001fc02c80000, 0x000001fd46800000)
  object space 250368K, 4% used [0x000001fbf3800000,0x000001fbf4257538,0x000001fc02c80000)
 Metaspace       used 24038K, capacity 24432K, committed 24832K, reserved 1071104K
  class space    used 2375K, capacity 2513K, committed 2560K, reserved 1048576K
GC Heap History (10 events):
Event: 456.975 GC heap before
{Heap before GC invocations=17 (full 1):
 PSYoungGen      total 112640K, used 112384K [0x000001fd46800000, 0x000001fd4e000000, 0x000001fdf0000000)
  eden space 111616K, 100% used [0x000001fd46800000,0x000001fd4d500000,0x000001fd4d500000)
  from space 1024K, 75% used [0x000001fd4d680000,0x000001fd4d740000,0x000001fd4d780000)
  to   space 5632K, 0% used [0x000001fd4da80000,0x000001fd4da80000,0x000001fd4e000000)
 ParOldGen       total 250368K, used 9893K [0x000001fbf3800000, 0x000001fc02c80000, 0x000001fd46800000)
  object space 250368K, 3% used [0x000001fbf3800000,0x000001fbf41a9610,0x000001fc02c80000)
 Metaspace       used 23953K, capacity 24368K, committed 24576K, reserved 1071104K
  class space    used 2369K, capacity 2513K, committed 2560K, reserved 1048576K
Event: 456.976 GC heap after
Heap after GC invocations=17 (full 1):
 PSYoungGen      total 114176K, used 768K [0x000001fd46800000, 0x000001fd4de80000, 0x000001fdf0000000)
  eden space 110080K, 0% used [0x000001fd46800000,0x000001fd46800000,0x000001fd4d380000)
  from space 4096K, 18% used [0x000001fd4da80000,0x000001fd4db40000,0x000001fd4de80000)
  to   space 5632K, 0% used [0x000001fd4d380000,0x000001fd4d380000,0x000001fd4d900000)
 ParOldGen       total 250368K, used 9893K [0x000001fbf3800000, 0x000001fc02c80000, 0x000001fd46800000)
  object space 250368K, 3% used [0x000001fbf3800000,0x000001fbf41a9610,0x000001fc02c80000)
 Metaspace       used 23953K, capacity 24368K, committed 24576K, reserved 1071104K
  class space    used 2369K, capacity 2513K, committed 2560K, reserved 1048576K
}
Event: 471.894 GC heap before
{Heap before GC invocations=18 (full 1):
 PSYoungGen      total 114176K, used 110848K [0x000001fd46800000, 0x000001fd4de80000, 0x000001fdf0000000)
  eden space 110080K, 100% used [0x000001fd46800000,0x000001fd4d380000,0x000001fd4d380000)
  from space 4096K, 18% used [0x000001fd4da80000,0x000001fd4db40000,0x000001fd4de80000)
  to   space 5632K, 0% used [0x000001fd4d380000,0x000001fd4d380000,0x000001fd4d900000)
 ParOldGen       total 250368K, used 9893K [0x000001fbf3800000, 0x000001fc02c80000, 0x000001fd46800000)
  object space 250368K, 3% used [0x000001fbf3800000,0x000001fbf41a9610,0x000001fc02c80000)
 Metaspace       used 23981K, capacity 24368K, committed 24576K, reserved 1071104K
  class space    used 2370K, capacity 2513K, committed 2560K, reserved 1048576K
Event: 471.896 GC heap after
Heap after GC invocations=18 (full 1):
 PSYoungGen      total 109056K, used 288K [0x000001fd46800000, 0x000001fd4dc00000, 0x000001fdf0000000)
  eden space 108544K, 0% used [0x000001fd46800000,0x000001fd46800000,0x000001fd4d200000)
  from space 512K, 56% used [0x000001fd4d380000,0x000001fd4d3c8000,0x000001fd4d400000)
  to   space 5120K, 0% used [0x000001fd4d700000,0x000001fd4d700000,0x000001fd4dc00000)
 ParOldGen       total 250368K, used 10509K [0x000001fbf3800000, 0x000001fc02c80000, 0x000001fd46800000)
  object space 250368K, 4% used [0x000001fbf3800000,0x000001fbf4243538,0x000001fc02c80000)
 Metaspace       used 23981K, capacity 24368K, committed 24576K, reserved 1071104K
  class space    used 2370K, capacity 2513K, committed 2560K, reserved 1048576K
}
Event: 486.465 GC heap before
{Heap before GC invocations=19 (full 1):
 PSYoungGen      total 109056K, used 108832K [0x000001fd46800000, 0x000001fd4dc00000, 0x000001fdf0000000)
  eden space 108544K, 100% used [0x000001fd46800000,0x000001fd4d200000,0x000001fd4d200000)
  from space 512K, 56% used [0x000001fd4d380000,0x000001fd4d3c8000,0x000001fd4d400000)
  to   space 5120K, 0% used [0x000001fd4d700000,0x000001fd4d700000,0x000001fd4dc00000)
 ParOldGen       total 250368K, used 10509K [0x000001fbf3800000, 0x000001fc02c80000, 0x000001fd46800000)
  object space 250368K, 4% used [0x000001fbf3800000,0x000001fbf4243538,0x000001fc02c80000)
 Metaspace       used 23988K, capacity 24368K, committed 24576K, reserved 1071104K
  class space    used 2370K, capacity 2513K, committed 2560K, reserved 1048576K
Event: 486.466 GC heap after
Heap after GC invocations=19 (full 1):
 PSYoungGen      total 110592K, used 256K [0x000001fd46800000, 0x000001fd4da80000, 0x000001fdf0000000)
  eden space 107008K, 0% used [0x000001fd46800000,0x000001fd46800000,0x000001fd4d080000)
  from space 3584K, 7% used [0x000001fd4d700000,0x000001fd4d740000,0x000001fd4da80000)
  to   space 5120K, 0% used [0x000001fd4d080000,0x000001fd4d080000,0x000001fd4d580000)
 ParOldGen       total 250368K, used 10549K [0x000001fbf3800000, 0x000001fc02c80000, 0x000001fd46800000)
  object space 250368K, 4% used [0x000001fbf3800000,0x000001fbf424d538,0x000001fc02c80000)
 Metaspace       used 23988K, capacity 24368K, committed 24576K, reserved 1071104K
  class space    used 2370K, capacity 2513K, committed 2560K, reserved 1048576K
}
Event: 500.851 GC heap before
{Heap before GC invocations=20 (full 1):
 PSYoungGen      total 110592K, used 107264K [0x000001fd46800000, 0x000001fd4da80000, 0x000001fdf0000000)
  eden space 107008K, 100% used [0x000001fd46800000,0x000001fd4d080000,0x000001fd4d080000)
  from space 3584K, 7% used [0x000001fd4d700000,0x000001fd4d740000,0x000001fd4da80000)
  to   space 5120K, 0% used [0x000001fd4d080000,0x000001fd4d080000,0x000001fd4d580000)
 ParOldGen       total 250368K, used 10549K [0x000001fbf3800000, 0x000001fc02c80000, 0x000001fd46800000)
  object space 250368K, 4% used [0x000001fbf3800000,0x000001fbf424d538,0x000001fc02c80000)
 Metaspace       used 23988K, capacity 24368K, committed 24576K, reserved 1071104K
  class space    used 2370K, capacity 2513K, committed 2560K, reserved 1048576K
Event: 500.852 GC heap after
Heap after GC invocations=20 (full 1):
 PSYoungGen      total 105984K, used 320K [0x000001fd46800000, 0x000001fd4d800000, 0x000001fdf0000000)
  eden space 105472K, 0% used [0x000001fd46800000,0x000001fd46800000,0x000001fd4cf00000)
  from space 512K, 62% used [0x000001fd4d080000,0x000001fd4d0d0000,0x000001fd4d100000)
  to   space 4608K, 0% used [0x000001fd4d380000,0x000001fd4d380000,0x000001fd4d800000)
 ParOldGen       total 250368K, used 10565K [0x000001fbf3800000, 0x000001fc02c80000, 0x000001fd46800000)
  object space 250368K, 4% used [0x000001fbf3800000,0x000001fbf4251538,0x000001fc02c80000)
 Metaspace       used 23988K, capacity 24368K, committed 24576K, reserved 1071104K
  class space    used 2370K, capacity 2513K, committed 2560K, reserved 1048576K
}
Event: 515.144 GC heap before
{Heap before GC invocations=21 (full 1):
 PSYoungGen      total 105984K, used 105792K [0x000001fd46800000, 0x000001fd4d800000, 0x000001fdf0000000)
  eden space 105472K, 100% used [0x000001fd46800000,0x000001fd4cf00000,0x000001fd4cf00000)
  from space 512K, 62% used [0x000001fd4d080000,0x000001fd4d0d0000,0x000001fd4d100000)
  to   space 4608K, 0% used [0x000001fd4d380000,0x000001fd4d380000,0x000001fd4d800000)
 ParOldGen       total 250368K, used 10565K [0x000001fbf3800000, 0x000001fc02c80000, 0x000001fd46800000)
  object space 250368K, 4% used [0x000001fbf3800000,0x000001fbf4251538,0x000001fc02c80000)
 Metaspace       used 24021K, capacity 24432K, committed 24832K, reserved 1071104K
  class space    used 2371K, capacity 2513K, committed 2560K, reserved 1048576K
Event: 515.145 GC heap after
Heap after GC invocations=21 (full 1):
 PSYoungGen      total 107008K, used 256K [0x000001fd46800000, 0x000001fd4d680000, 0x000001fdf0000000)
  eden space 103936K, 0% used [0x000001fd46800000,0x000001fd46800000,0x000001fd4cd80000)
  from space 3072K, 8% used [0x000001fd4d380000,0x000001fd4d3c0000,0x000001fd4d680000)
  to   space 4608K, 0% used [0x000001fd4cd80000,0x000001fd4cd80000,0x000001fd4d200000)
 ParOldGen       total 250368K, used 10589K [0x000001fbf3800000, 0x000001fc02c80000, 0x000001fd46800000)
  object space 250368K, 4% used [0x000001fbf3800000,0x000001fbf4257538,0x000001fc02c80000)
 Metaspace       used 24021K, capacity 24432K, committed 24832K, reserved 1071104K
  class space    used 2371K, capacity 2513K, committed 2560K, reserved 1048576K
}

