# JRE version: Java(TM) SE Runtime Environment (8.0_371) (build 1.8.0_371-b11)
# Java VM: Java HotSpot(TM) 64-Bit Server VM (25.371-b11 mixed mode windows-amd64 compressed oops)
Heap:
 PSYoungGen      total 540160K, used 238767K [0x0000000716800000, 0x0000000747900000, 0x00000007c0000000)
  eden space 474112K, 36% used [0x0000000716800000,0x00000007210abeb8,0x0000000733700000)
  from space 66048K, 100% used [0x0000000733700000,0x0000000737780000,0x0000000737780000)
  to   space 77312K, 0% used [0x0000000742d80000,0x0000000742d80000,0x0000000747900000)
 ParOldGen       total 240640K, used 39627K [0x00000005c3800000, 0x00000005d2300000, 0x0000000716800000)
  object space 240640K, 16% used [0x00000005c3800000,0x00000005c5eb2d90,0x00000005d2300000)
 Metaspace       used 29419K, capacity 29912K, committed 30208K, reserved 1077248K
  class space    used 3166K, capacity 3310K, committed 3328K, reserved 1048576K
GC Heap History (10 events):
Event: 8.018 GC heap before
{Heap before GC invocations=10 (full 1):
 PSYoungGen      total 285184K, used 285181K [0x0000000716800000, 0x000000072b480000, 0x00000007c0000000)
  eden space 258560K, 100% used [0x0000000716800000,0x0000000726480000,0x0000000726480000)
  from space 26624K, 99% used [0x0000000728280000,0x0000000729c7f760,0x0000000729c80000)
  to   space 30720K, 0% used [0x0000000726480000,0x0000000726480000,0x0000000728280000)
 ParOldGen       total 240640K, used 7890K [0x00000005c3800000, 0x00000005d2300000, 0x0000000716800000)
  object space 240640K, 3% used [0x00000005c3800000,0x00000005c3fb4a88,0x00000005d2300000)
 Metaspace       used 29407K, capacity 29904K, committed 30208K, reserved 1077248K
  class space    used 3165K, capacity 3308K, committed 3328K, reserved 1048576K
Event: 8.105 GC heap after
Heap after GC invocations=10 (full 1):
 PSYoungGen      total 289280K, used 30701K [0x0000000716800000, 0x0000000730e80000, 0x00000007c0000000)
  eden space 258560K, 0% used [0x0000000716800000,0x0000000716800000,0x0000000726480000)
  from space 30720K, 99% used [0x0000000726480000,0x000000072827b770,0x0000000728280000)
  to   space 40448K, 0% used [0x000000072e700000,0x000000072e700000,0x0000000730e80000)
 ParOldGen       total 240640K, used 20066K [0x00000005c3800000, 0x00000005d2300000, 0x0000000716800000)
  object space 240640K, 8% used [0x00000005c3800000,0x00000005c4b98a88,0x00000005d2300000)
 Metaspace       used 29407K, capacity 29904K, committed 30208K, reserved 1077248K
  class space    used 3165K, capacity 3308K, committed 3328K, reserved 1048576K
}
Event: 9.019 GC heap before
{Heap before GC invocations=11 (full 1):
 PSYoungGen      total 289280K, used 289261K [0x0000000716800000, 0x0000000730e80000, 0x00000007c0000000)
  eden space 258560K, 100% used [0x0000000716800000,0x0000000726480000,0x0000000726480000)
  from space 30720K, 99% used [0x0000000726480000,0x000000072827b770,0x0000000728280000)
  to   space 40448K, 0% used [0x000000072e700000,0x000000072e700000,0x0000000730e80000)
 ParOldGen       total 240640K, used 20066K [0x00000005c3800000, 0x00000005d2300000, 0x0000000716800000)
  object space 240640K, 8% used [0x00000005c3800000,0x00000005c4b98a88,0x00000005d2300000)
 Metaspace       used 29407K, capacity 29904K, committed 30208K, reserved 1077248K
  class space    used 3165K, capacity 3308K, committed 3328K, reserved 1048576K
Event: 9.124 GC heap after
Heap after GC invocations=11 (full 1):
 PSYoungGen      total 384512K, used 40448K [0x0000000716800000, 0x0000000732980000, 0x00000007c0000000)
  eden space 344064K, 0% used [0x0000000716800000,0x0000000716800000,0x000000072b800000)
  from space 40448K, 100% used [0x000000072e700000,0x0000000730e80000,0x0000000730e80000)
  to   space 48128K, 0% used [0x000000072b800000,0x000000072b800000,0x000000072e700000)
 ParOldGen       total 240640K, used 25451K [0x00000005c3800000, 0x00000005d2300000, 0x0000000716800000)
  object space 240640K, 10% used [0x00000005c3800000,0x00000005c50dad90,0x00000005d2300000)
 Metaspace       used 29407K, capacity 29904K, committed 30208K, reserved 1077248K
  class space    used 3165K, capacity 3308K, committed 3328K, reserved 1048576K
}
Event: 10.312 GC heap before
{Heap before GC invocations=12 (full 1):
 PSYoungGen      total 384512K, used 384512K [0x0000000716800000, 0x0000000732980000, 0x00000007c0000000)
  eden space 344064K, 100% used [0x0000000716800000,0x000000072b800000,0x000000072b800000)
  from space 40448K, 100% used [0x000000072e700000,0x0000000730e80000,0x0000000730e80000)
  to   space 48128K, 0% used [0x000000072b800000,0x000000072b800000,0x000000072e700000)
 ParOldGen       total 240640K, used 25451K [0x00000005c3800000, 0x00000005d2300000, 0x0000000716800000)
  object space 240640K, 10% used [0x00000005c3800000,0x00000005c50dad90,0x00000005d2300000)
 Metaspace       used 29413K, capacity 29904K, committed 30208K, reserved 1077248K
  class space    used 3165K, capacity 3308K, committed 3328K, reserved 1048576K
Event: 10.354 GC heap after
Heap after GC invocations=12 (full 1):
 PSYoungGen      total 392192K, used 48128K [0x0000000716800000, 0x000000073b280000, 0x00000007c0000000)
  eden space 344064K, 0% used [0x0000000716800000,0x0000000716800000,0x000000072b800000)
  from space 48128K, 100% used [0x000000072b800000,0x000000072e700000,0x000000072e700000)
  to   space 60416K, 0% used [0x0000000737780000,0x0000000737780000,0x000000073b280000)
 ParOldGen       total 240640K, used 37979K [0x00000005c3800000, 0x00000005d2300000, 0x0000000716800000)
  object space 240640K, 15% used [0x00000005c3800000,0x00000005c5d16d90,0x00000005d2300000)
 Metaspace       used 29413K, capacity 29904K, committed 30208K, reserved 1077248K
  class space    used 3165K, capacity 3308K, committed 3328K, reserved 1048576K
}
Event: 11.413 GC heap before
{Heap before GC invocations=13 (full 1):
 PSYoungGen      total 392192K, used 392192K [0x0000000716800000, 0x000000073b280000, 0x00000007c0000000)
  eden space 344064K, 100% used [0x0000000716800000,0x000000072b800000,0x000000072b800000)
  from space 48128K, 100% used [0x000000072b800000,0x000000072e700000,0x000000072e700000)
  to   space 60416K, 0% used [0x0000000737780000,0x0000000737780000,0x000000073b280000)
 ParOldGen       total 240640K, used 37979K [0x00000005c3800000, 0x00000005d2300000, 0x0000000716800000)
  object space 240640K, 15% used [0x00000005c3800000,0x00000005c5d16d90,0x00000005d2300000)
 Metaspace       used 29413K, capacity 29904K, committed 30208K, reserved 1077248K
  class space    used 3165K, capacity 3308K, committed 3328K, reserved 1048576K
Event: 11.446 GC heap after
Heap after GC invocations=13 (full 1):
 PSYoungGen      total 534528K, used 49984K [0x0000000716800000, 0x000000073b880000, 0x00000007c0000000)
  eden space 474112K, 0% used [0x0000000716800000,0x0000000716800000,0x0000000733700000)
  from space 60416K, 82% used [0x0000000737780000,0x000000073a850000,0x000000073b280000)
  to   space 66048K, 0% used [0x0000000733700000,0x0000000733700000,0x0000000737780000)
 ParOldGen       total 240640K, used 38131K [0x00000005c3800000, 0x00000005d2300000, 0x0000000716800000)
  object space 240640K, 15% used [0x00000005c3800000,0x00000005c5d3cd90,0x00000005d2300000)
 Metaspace       used 29413K, capacity 29904K, committed 30208K, reserved 1077248K
  class space    used 3165K, capacity 3308K, committed 3328K, reserved 1048576K
}
Event: 12.786 GC heap before
{Heap before GC invocations=14 (full 1):
 PSYoungGen      total 534528K, used 524096K [0x0000000716800000, 0x000000073b880000, 0x00000007c0000000)
  eden space 474112K, 100% used [0x0000000716800000,0x0000000733700000,0x0000000733700000)
  from space 60416K, 82% used [0x0000000737780000,0x000000073a850000,0x000000073b280000)
  to   space 66048K, 0% used [0x0000000733700000,0x0000000733700000,0x0000000737780000)
 ParOldGen       total 240640K, used 38131K [0x00000005c3800000, 0x00000005d2300000, 0x0000000716800000)
  object space 240640K, 15% used [0x00000005c3800000,0x00000005c5d3cd90,0x00000005d2300000)
 Metaspace       used 29413K, capacity 29904K, committed 30208K, reserved 1077248K
  class space    used 3165K, capacity 3308K, committed 3328K, reserved 1048576K
Event: 12.833 GC heap after
Heap after GC invocations=14 (full 1):
 PSYoungGen      total 540160K, used 66048K [0x0000000716800000, 0x0000000747900000, 0x00000007c0000000)
  eden space 474112K, 0% used [0x0000000716800000,0x0000000716800000,0x0000000733700000)
  from space 66048K, 100% used [0x0000000733700000,0x0000000737780000,0x0000000737780000)
  to   space 77312K, 0% used [0x0000000742d80000,0x0000000742d80000,0x0000000747900000)
 ParOldGen       total 240640K, used 39627K [0x00000005c3800000, 0x00000005d2300000, 0x0000000716800000)
  object space 240640K, 16% used [0x00000005c3800000,0x00000005c5eb2d90,0x00000005d2300000)
 Metaspace       used 29413K, capacity 29904K, committed 30208K, reserved 1077248K
  class space    used 3165K, capacity 3308K, committed 3328K, reserved 1048576K
}

