# JRE version: Java(TM) SE Runtime Environment (8.0_371) (build 1.8.0_371-b11)
# Java VM: Java HotSpot(TM) 64-Bit Server VM (25.371-b11 mixed mode windows-amd64 compressed oops)
Heap:
 PSYoungGen      total 180224K, used 60318K [0x0000000716800000, 0x0000000722580000, 0x00000007c0000000)
  eden space 175616K, 32% used [0x0000000716800000,0x000000071a080a28,0x0000000721380000)
  from space 4608K, 53% used [0x0000000722100000,0x0000000722367010,0x0000000722580000)
  to   space 9216K, 0% used [0x0000000721380000,0x0000000721380000,0x0000000721c80000)
 ParOldGen       total 227328K, used 5006K [0x00000005c3800000, 0x00000005d1600000, 0x0000000716800000)
  object space 227328K, 2% used [0x00000005c3800000,0x00000005c3ce39a8,0x00000005d1600000)
 Metaspace       used 29318K, capacity 29782K, committed 30208K, reserved 1077248K
  class space    used 3174K, capacity 3319K, committed 3328K, reserved 1048576K
GC Heap History (10 events):
Event: 1.177 GC heap before
{Heap before GC invocations=3 (full 1):
 PSYoungGen      total 152576K, used 5200K [0x0000000716800000, 0x0000000721200000, 0x00000007c0000000)
  eden space 131072K, 0% used [0x0000000716800000,0x0000000716800000,0x000000071e800000)
  from space 21504K, 24% used [0x000000071fd00000,0x00000007202140d8,0x0000000721200000)
  to   space 21504K, 0% used [0x000000071e800000,0x000000071e800000,0x000000071fd00000)
 ParOldGen       total 348160K, used 24K [0x00000005c3800000, 0x00000005d8c00000, 0x0000000716800000)
  object space 348160K, 0% used [0x00000005c3800000,0x00000005c3806000,0x00000005d8c00000)
 Metaspace       used 20719K, capacity 21030K, committed 21296K, reserved 1069056K
  class space    used 2546K, capacity 2642K, committed 2688K, reserved 1048576K
Event: 1.195 GC heap after
Heap after GC invocations=3 (full 1):
 PSYoungGen      total 152576K, used 0K [0x0000000716800000, 0x0000000721200000, 0x00000007c0000000)
  eden space 131072K, 0% used [0x0000000716800000,0x0000000716800000,0x000000071e800000)
  from space 21504K, 0% used [0x000000071fd00000,0x000000071fd00000,0x0000000721200000)
  to   space 21504K, 0% used [0x000000071e800000,0x000000071e800000,0x000000071fd00000)
 ParOldGen       total 227328K, used 4941K [0x00000005c3800000, 0x00000005d1600000, 0x0000000716800000)
  object space 227328K, 2% used [0x00000005c3800000,0x00000005c3cd3618,0x00000005d1600000)
 Metaspace       used 20704K, capacity 20982K, committed 21296K, reserved 1069056K
  class space    used 2541K, capacity 2634K, committed 2688K, reserved 1048576K
}
Event: 5.852 GC heap before
{Heap before GC invocations=4 (full 1):
 PSYoungGen      total 152576K, used 131072K [0x0000000716800000, 0x0000000721200000, 0x00000007c0000000)
  eden space 131072K, 100% used [0x0000000716800000,0x000000071e800000,0x000000071e800000)
  from space 21504K, 0% used [0x000000071fd00000,0x000000071fd00000,0x0000000721200000)
  to   space 21504K, 0% used [0x000000071e800000,0x000000071e800000,0x000000071fd00000)
 ParOldGen       total 227328K, used 4941K [0x00000005c3800000, 0x00000005d1600000, 0x0000000716800000)
  object space 227328K, 2% used [0x00000005c3800000,0x00000005c3cd3618,0x00000005d1600000)
 Metaspace       used 28957K, capacity 29366K, committed 29696K, reserved 1075200K
  class space    used 3170K, capacity 3319K, committed 3328K, reserved 1048576K
Event: 5.854 GC heap after
Heap after GC invocations=4 (full 1):
 PSYoungGen      total 152576K, used 4141K [0x0000000716800000, 0x0000000723000000, 0x00000007c0000000)
  eden space 131072K, 0% used [0x0000000716800000,0x0000000716800000,0x000000071e800000)
  from space 21504K, 19% used [0x000000071e800000,0x000000071ec0b428,0x000000071fd00000)
  to   space 21504K, 0% used [0x0000000721b00000,0x0000000721b00000,0x0000000723000000)
 ParOldGen       total 227328K, used 4972K [0x00000005c3800000, 0x00000005d1600000, 0x0000000716800000)
  object space 227328K, 2% used [0x00000005c3800000,0x00000005c3cdb258,0x00000005d1600000)
 Metaspace       used 28957K, capacity 29366K, committed 29696K, reserved 1075200K
  class space    used 3170K, capacity 3319K, committed 3328K, reserved 1048576K
}
Event: 10.567 GC heap before
{Heap before GC invocations=5 (full 1):
 PSYoungGen      total 152576K, used 135213K [0x0000000716800000, 0x0000000723000000, 0x00000007c0000000)
  eden space 131072K, 100% used [0x0000000716800000,0x000000071e800000,0x000000071e800000)
  from space 21504K, 19% used [0x000000071e800000,0x000000071ec0b428,0x000000071fd00000)
  to   space 21504K, 0% used [0x0000000721b00000,0x0000000721b00000,0x0000000723000000)
 ParOldGen       total 227328K, used 4972K [0x00000005c3800000, 0x00000005d1600000, 0x0000000716800000)
  object space 227328K, 2% used [0x00000005c3800000,0x00000005c3cdb258,0x00000005d1600000)
 Metaspace       used 29136K, capacity 29630K, committed 29952K, reserved 1075200K
  class space    used 3172K, capacity 3319K, committed 3328K, reserved 1048576K
Event: 10.568 GC heap after
Heap after GC invocations=5 (full 1):
 PSYoungGen      total 172032K, used 2396K [0x0000000716800000, 0x0000000722a80000, 0x00000007c0000000)
  eden space 156160K, 0% used [0x0000000716800000,0x0000000716800000,0x0000000720080000)
  from space 15872K, 15% used [0x0000000721b00000,0x0000000721d57010,0x0000000722a80000)
  to   space 21504K, 0% used [0x0000000720080000,0x0000000720080000,0x0000000721580000)
 ParOldGen       total 227328K, used 4998K [0x00000005c3800000, 0x00000005d1600000, 0x0000000716800000)
  object space 227328K, 2% used [0x00000005c3800000,0x00000005c3ce19a8,0x00000005d1600000)
 Metaspace       used 29136K, capacity 29630K, committed 29952K, reserved 1075200K
  class space    used 3172K, capacity 3319K, committed 3328K, reserved 1048576K
}
Event: 16.351 GC heap before
{Heap before GC invocations=6 (full 1):
 PSYoungGen      total 172032K, used 158556K [0x0000000716800000, 0x0000000722a80000, 0x00000007c0000000)
  eden space 156160K, 100% used [0x0000000716800000,0x0000000720080000,0x0000000720080000)
  from space 15872K, 15% used [0x0000000721b00000,0x0000000721d57010,0x0000000722a80000)
  to   space 21504K, 0% used [0x0000000720080000,0x0000000720080000,0x0000000721580000)
 ParOldGen       total 227328K, used 4998K [0x00000005c3800000, 0x00000005d1600000, 0x0000000716800000)
  object space 227328K, 2% used [0x00000005c3800000,0x00000005c3ce19a8,0x00000005d1600000)
 Metaspace       used 29204K, capacity 29718K, committed 29952K, reserved 1075200K
  class space    used 3172K, capacity 3319K, committed 3328K, reserved 1048576K
Event: 16.353 GC heap after
Heap after GC invocations=6 (full 1):
 PSYoungGen      total 177664K, used 2540K [0x0000000716800000, 0x0000000722a00000, 0x00000007c0000000)
  eden space 156160K, 0% used [0x0000000716800000,0x0000000716800000,0x0000000720080000)
  from space 21504K, 11% used [0x0000000720080000,0x00000007202fb020,0x0000000721580000)
  to   space 9216K, 0% used [0x0000000722100000,0x0000000722100000,0x0000000722a00000)
 ParOldGen       total 227328K, used 5006K [0x00000005c3800000, 0x00000005d1600000, 0x0000000716800000)
  object space 227328K, 2% used [0x00000005c3800000,0x00000005c3ce39a8,0x00000005d1600000)
 Metaspace       used 29204K, capacity 29718K, committed 29952K, reserved 1075200K
  class space    used 3172K, capacity 3319K, committed 3328K, reserved 1048576K
}
Event: 22.039 GC heap before
{Heap before GC invocations=7 (full 1):
 PSYoungGen      total 177664K, used 158700K [0x0000000716800000, 0x0000000722a00000, 0x00000007c0000000)
  eden space 156160K, 100% used [0x0000000716800000,0x0000000720080000,0x0000000720080000)
  from space 21504K, 11% used [0x0000000720080000,0x00000007202fb020,0x0000000721580000)
  to   space 9216K, 0% used [0x0000000722100000,0x0000000722100000,0x0000000722a00000)
 ParOldGen       total 227328K, used 5006K [0x00000005c3800000, 0x00000005d1600000, 0x0000000716800000)
  object space 227328K, 2% used [0x00000005c3800000,0x00000005c3ce39a8,0x00000005d1600000)
 Metaspace       used 29262K, capacity 29718K, committed 29952K, reserved 1075200K
  class space    used 3173K, capacity 3319K, committed 3328K, reserved 1048576K
Event: 22.041 GC heap after
Heap after GC invocations=7 (full 1):
 PSYoungGen      total 180224K, used 2460K [0x0000000716800000, 0x0000000722580000, 0x00000007c0000000)
  eden space 175616K, 0% used [0x0000000716800000,0x0000000716800000,0x0000000721380000)
  from space 4608K, 53% used [0x0000000722100000,0x0000000722367010,0x0000000722580000)
  to   space 9216K, 0% used [0x0000000721380000,0x0000000721380000,0x0000000721c80000)
 ParOldGen       total 227328K, used 5006K [0x00000005c3800000, 0x00000005d1600000, 0x0000000716800000)
  object space 227328K, 2% used [0x00000005c3800000,0x00000005c3ce39a8,0x00000005d1600000)
 Metaspace       used 29262K, capacity 29718K, committed 29952K, reserved 1075200K
  class space    used 3173K, capacity 3319K, committed 3328K, reserved 1048576K
}

