# JRE version: Java(TM) SE Runtime Environment (8.0_371) (build 1.8.0_371-b11)
# Java VM: Java HotSpot(TM) 64-Bit Server VM (25.371-b11 mixed mode windows-amd64 compressed oops)
Heap:
 PSYoungGen      total 851968K, used 360532K [0x0000000716800000, 0x000000075ce80000, 0x00000007c0000000)
  eden space 736256K, 36% used [0x0000000716800000,0x00000007270c5378,0x0000000743700000)
  from space 115712K, 77% used [0x0000000743700000,0x0000000748e50000,0x000000074a800000)
  to   space 123904K, 0% used [0x0000000755580000,0x0000000755580000,0x000000075ce80000)
 ParOldGen       total 238080K, used 29490K [0x00000005c3800000, 0x00000005d2080000, 0x0000000716800000)
  object space 238080K, 12% used [0x00000005c3800000,0x00000005c54cc958,0x00000005d2080000)
 Metaspace       used 29487K, capacity 29964K, committed 30208K, reserved 1077248K
  class space    used 3171K, capacity 3308K, committed 3328K, reserved 1048576K
GC Heap History (10 events):
Event: 94.491 GC heap before
{Heap before GC invocations=24 (full 1):
 PSYoungGen      total 608768K, used 582560K [0x0000000716800000, 0x0000000742600000, 0x00000007c0000000)
  eden space 523264K, 100% used [0x0000000716800000,0x0000000736700000,0x0000000736700000)
  from space 85504K, 69% used [0x000000073be80000,0x000000073f868000,0x0000000741200000)
  to   space 89600K, 0% used [0x0000000736700000,0x0000000736700000,0x000000073be80000)
 ParOldGen       total 238080K, used 29386K [0x00000005c3800000, 0x00000005d2080000, 0x0000000716800000)
  object space 238080K, 12% used [0x00000005c3800000,0x00000005c54b2958,0x00000005d2080000)
 Metaspace       used 29487K, capacity 29964K, committed 30208K, reserved 1077248K
  class space    used 3171K, capacity 3308K, committed 3328K, reserved 1048576K
Event: 94.542 GC heap after
Heap after GC invocations=24 (full 1):
 PSYoungGen      total 612864K, used 75936K [0x0000000716800000, 0x0000000748900000, 0x00000007c0000000)
  eden space 523264K, 0% used [0x0000000716800000,0x0000000716800000,0x0000000736700000)
  from space 89600K, 84% used [0x0000000736700000,0x000000073b128000,0x000000073be80000)
  to   space 99328K, 0% used [0x0000000742800000,0x0000000742800000,0x0000000748900000)
 ParOldGen       total 238080K, used 29410K [0x00000005c3800000, 0x00000005d2080000, 0x0000000716800000)
  object space 238080K, 12% used [0x00000005c3800000,0x00000005c54b8958,0x00000005d2080000)
 Metaspace       used 29487K, capacity 29964K, committed 30208K, reserved 1077248K
  class space    used 3171K, capacity 3308K, committed 3328K, reserved 1048576K
}
Event: 96.108 GC heap before
{Heap before GC invocations=25 (full 1):
 PSYoungGen      total 612864K, used 599200K [0x0000000716800000, 0x0000000748900000, 0x00000007c0000000)
  eden space 523264K, 100% used [0x0000000716800000,0x0000000736700000,0x0000000736700000)
  from space 89600K, 84% used [0x0000000736700000,0x000000073b128000,0x000000073be80000)
  to   space 99328K, 0% used [0x0000000742800000,0x0000000742800000,0x0000000748900000)
 ParOldGen       total 238080K, used 29410K [0x00000005c3800000, 0x00000005d2080000, 0x0000000716800000)
  object space 238080K, 12% used [0x00000005c3800000,0x00000005c54b8958,0x00000005d2080000)
 Metaspace       used 29487K, capacity 29964K, committed 30208K, reserved 1077248K
  class space    used 3171K, capacity 3308K, committed 3328K, reserved 1048576K
Event: 96.227 GC heap after
Heap after GC invocations=25 (full 1):
 PSYoungGen      total 713728K, used 76032K [0x0000000716800000, 0x000000074ae80000, 0x00000007c0000000)
  eden space 614400K, 0% used [0x0000000716800000,0x0000000716800000,0x000000073c000000)
  from space 99328K, 76% used [0x0000000742800000,0x0000000747240000,0x0000000748900000)
  to   space 106496K, 0% used [0x000000073c000000,0x000000073c000000,0x0000000742800000)
 ParOldGen       total 238080K, used 29426K [0x00000005c3800000, 0x00000005d2080000, 0x0000000716800000)
  object space 238080K, 12% used [0x00000005c3800000,0x00000005c54bc958,0x00000005d2080000)
 Metaspace       used 29487K, capacity 29964K, committed 30208K, reserved 1077248K
  class space    used 3171K, capacity 3308K, committed 3328K, reserved 1048576K
}
Event: 97.738 GC heap before
{Heap before GC invocations=26 (full 1):
 PSYoungGen      total 713728K, used 690432K [0x0000000716800000, 0x000000074ae80000, 0x00000007c0000000)
  eden space 614400K, 100% used [0x0000000716800000,0x000000073c000000,0x000000073c000000)
  from space 99328K, 76% used [0x0000000742800000,0x0000000747240000,0x0000000748900000)
  to   space 106496K, 0% used [0x000000073c000000,0x000000073c000000,0x0000000742800000)
 ParOldGen       total 238080K, used 29426K [0x00000005c3800000, 0x00000005d2080000, 0x0000000716800000)
  object space 238080K, 12% used [0x00000005c3800000,0x00000005c54bc958,0x00000005d2080000)
 Metaspace       used 29487K, capacity 29964K, committed 30208K, reserved 1077248K
  class space    used 3171K, capacity 3308K, committed 3328K, reserved 1048576K
Event: 97.917 GC heap after
Heap after GC invocations=26 (full 1):
 PSYoungGen      total 720896K, used 74496K [0x0000000716800000, 0x0000000751500000, 0x00000007c0000000)
  eden space 614400K, 0% used [0x0000000716800000,0x0000000716800000,0x000000073c000000)
  from space 106496K, 69% used [0x000000073c000000,0x00000007408c0000,0x0000000742800000)
  to   space 111616K, 0% used [0x000000074a800000,0x000000074a800000,0x0000000751500000)
 ParOldGen       total 238080K, used 29426K [0x00000005c3800000, 0x00000005d2080000, 0x0000000716800000)
  object space 238080K, 12% used [0x00000005c3800000,0x00000005c54bc958,0x00000005d2080000)
 Metaspace       used 29487K, capacity 29964K, committed 30208K, reserved 1077248K
  class space    used 3171K, capacity 3308K, committed 3328K, reserved 1048576K
}
Event: 99.454 GC heap before
{Heap before GC invocations=27 (full 1):
 PSYoungGen      total 720896K, used 688896K [0x0000000716800000, 0x0000000751500000, 0x00000007c0000000)
  eden space 614400K, 100% used [0x0000000716800000,0x000000073c000000,0x000000073c000000)
  from space 106496K, 69% used [0x000000073c000000,0x00000007408c0000,0x0000000742800000)
  to   space 111616K, 0% used [0x000000074a800000,0x000000074a800000,0x0000000751500000)
 ParOldGen       total 238080K, used 29426K [0x00000005c3800000, 0x00000005d2080000, 0x0000000716800000)
  object space 238080K, 12% used [0x00000005c3800000,0x00000005c54bc958,0x00000005d2080000)
 Metaspace       used 29487K, capacity 29964K, committed 30208K, reserved 1077248K
  class space    used 3171K, capacity 3308K, committed 3328K, reserved 1048576K
Event: 99.659 GC heap after
Heap after GC invocations=27 (full 1):
 PSYoungGen      total 847872K, used 75296K [0x0000000716800000, 0x0000000752780000, 0x00000007c0000000)
  eden space 736256K, 0% used [0x0000000716800000,0x0000000716800000,0x0000000743700000)
  from space 111616K, 67% used [0x000000074a800000,0x000000074f188000,0x0000000751500000)
  to   space 115712K, 0% used [0x0000000743700000,0x0000000743700000,0x000000074a800000)
 ParOldGen       total 238080K, used 29442K [0x00000005c3800000, 0x00000005d2080000, 0x0000000716800000)
  object space 238080K, 12% used [0x00000005c3800000,0x00000005c54c0958,0x00000005d2080000)
 Metaspace       used 29487K, capacity 29964K, committed 30208K, reserved 1077248K
  class space    used 3171K, capacity 3308K, committed 3328K, reserved 1048576K
}
Event: 101.508 GC heap before
{Heap before GC invocations=28 (full 1):
 PSYoungGen      total 847872K, used 811552K [0x0000000716800000, 0x0000000752780000, 0x00000007c0000000)
  eden space 736256K, 100% used [0x0000000716800000,0x0000000743700000,0x0000000743700000)
  from space 111616K, 67% used [0x000000074a800000,0x000000074f188000,0x0000000751500000)
  to   space 115712K, 0% used [0x0000000743700000,0x0000000743700000,0x000000074a800000)
 ParOldGen       total 238080K, used 29442K [0x00000005c3800000, 0x00000005d2080000, 0x0000000716800000)
  object space 238080K, 12% used [0x00000005c3800000,0x00000005c54c0958,0x00000005d2080000)
 Metaspace       used 29487K, capacity 29964K, committed 30208K, reserved 1077248K
  class space    used 3171K, capacity 3308K, committed 3328K, reserved 1048576K
Event: 101.726 GC heap after
Heap after GC invocations=28 (full 1):
 PSYoungGen      total 851968K, used 89408K [0x0000000716800000, 0x000000075ce80000, 0x00000007c0000000)
  eden space 736256K, 0% used [0x0000000716800000,0x0000000716800000,0x0000000743700000)
  from space 115712K, 77% used [0x0000000743700000,0x0000000748e50000,0x000000074a800000)
  to   space 123904K, 0% used [0x0000000755580000,0x0000000755580000,0x000000075ce80000)
 ParOldGen       total 238080K, used 29490K [0x00000005c3800000, 0x00000005d2080000, 0x0000000716800000)
  object space 238080K, 12% used [0x00000005c3800000,0x00000005c54cc958,0x00000005d2080000)
 Metaspace       used 29487K, capacity 29964K, committed 30208K, reserved 1077248K
  class space    used 3171K, capacity 3308K, committed 3328K, reserved 1048576K
}

