# JRE version: Java(TM) SE Runtime Environment (8.0_371) (build 1.8.0_371-b11)
# Java VM: Java HotSpot(TM) 64-Bit Server VM (25.371-b11 mixed mode windows-amd64 compressed oops)
Heap:
 PSYoungGen      total 101888K, used 27792K [0x0000000716800000, 0x000000071d080000, 0x00000007c0000000)
  eden space 98816K, 27% used [0x0000000716800000,0x00000007182fc090,0x000000071c880000)
  from space 3072K, 5% used [0x000000071cd80000,0x000000071cda8000,0x000000071d080000)
  to   space 4096K, 0% used [0x000000071c880000,0x000000071c880000,0x000000071cc80000)
 ParOldGen       total 230400K, used 7222K [0x00000005c3800000, 0x00000005d1900000, 0x0000000716800000)
  object space 230400K, 3% used [0x00000005c3800000,0x00000005c3f0db10,0x00000005d1900000)
 Metaspace       used 29421K, capacity 29912K, committed 30336K, reserved 1077248K
  class space    used 3180K, capacity 3338K, committed 3456K, reserved 1048576K
GC Heap History (10 events):
Event: 321.391 GC heap before
{Heap before GC invocations=29 (full 1):
 PSYoungGen      total 106496K, used 106240K [0x0000000716800000, 0x000000071d980000, 0x00000007c0000000)
  eden space 105984K, 100% used [0x0000000716800000,0x000000071cf80000,0x000000071cf80000)
  from space 512K, 50% used [0x000000071d100000,0x000000071d140000,0x000000071d180000)
  to   space 5120K, 0% used [0x000000071d480000,0x000000071d480000,0x000000071d980000)
 ParOldGen       total 230400K, used 7206K [0x00000005c3800000, 0x00000005d1900000, 0x0000000716800000)
  object space 230400K, 3% used [0x00000005c3800000,0x00000005c3f09b10,0x00000005d1900000)
 Metaspace       used 29382K, capacity 29912K, committed 30336K, reserved 1077248K
  class space    used 3179K, capacity 3338K, committed 3456K, reserved 1048576K
Event: 321.392 GC heap after
Heap after GC invocations=29 (full 1):
 PSYoungGen      total 107008K, used 192K [0x0000000716800000, 0x000000071d700000, 0x00000007c0000000)
  eden space 104448K, 0% used [0x0000000716800000,0x0000000716800000,0x000000071ce00000)
  from space 2560K, 7% used [0x000000071d480000,0x000000071d4b0000,0x000000071d700000)
  to   space 4608K, 0% used [0x000000071ce00000,0x000000071ce00000,0x000000071d280000)
 ParOldGen       total 230400K, used 7222K [0x00000005c3800000, 0x00000005d1900000, 0x0000000716800000)
  object space 230400K, 3% used [0x00000005c3800000,0x00000005c3f0db10,0x00000005d1900000)
 Metaspace       used 29382K, capacity 29912K, committed 30336K, reserved 1077248K
  class space    used 3179K, capacity 3338K, committed 3456K, reserved 1048576K
}
Event: 328.762 GC heap before
{Heap before GC invocations=30 (full 1):
 PSYoungGen      total 107008K, used 104640K [0x0000000716800000, 0x000000071d700000, 0x00000007c0000000)
  eden space 104448K, 100% used [0x0000000716800000,0x000000071ce00000,0x000000071ce00000)
  from space 2560K, 7% used [0x000000071d480000,0x000000071d4b0000,0x000000071d700000)
  to   space 4608K, 0% used [0x000000071ce00000,0x000000071ce00000,0x000000071d280000)
 ParOldGen       total 230400K, used 7222K [0x00000005c3800000, 0x00000005d1900000, 0x0000000716800000)
  object space 230400K, 3% used [0x00000005c3800000,0x00000005c3f0db10,0x00000005d1900000)
 Metaspace       used 29382K, capacity 29912K, committed 30336K, reserved 1077248K
  class space    used 3179K, capacity 3338K, committed 3456K, reserved 1048576K
Event: 328.763 GC heap after
Heap after GC invocations=30 (full 1):
 PSYoungGen      total 103424K, used 192K [0x0000000716800000, 0x000000071d580000, 0x00000007c0000000)
  eden space 102912K, 0% used [0x0000000716800000,0x0000000716800000,0x000000071cc80000)
  from space 512K, 37% used [0x000000071ce00000,0x000000071ce30000,0x000000071ce80000)
  to   space 4608K, 0% used [0x000000071d100000,0x000000071d100000,0x000000071d580000)
 ParOldGen       total 230400K, used 7222K [0x00000005c3800000, 0x00000005d1900000, 0x0000000716800000)
  object space 230400K, 3% used [0x00000005c3800000,0x00000005c3f0db10,0x00000005d1900000)
 Metaspace       used 29382K, capacity 29912K, committed 30336K, reserved 1077248K
  class space    used 3179K, capacity 3338K, committed 3456K, reserved 1048576K
}
Event: 336.007 GC heap before
{Heap before GC invocations=31 (full 1):
 PSYoungGen      total 103424K, used 103104K [0x0000000716800000, 0x000000071d580000, 0x00000007c0000000)
  eden space 102912K, 100% used [0x0000000716800000,0x000000071cc80000,0x000000071cc80000)
  from space 512K, 37% used [0x000000071ce00000,0x000000071ce30000,0x000000071ce80000)
  to   space 4608K, 0% used [0x000000071d100000,0x000000071d100000,0x000000071d580000)
 ParOldGen       total 230400K, used 7222K [0x00000005c3800000, 0x00000005d1900000, 0x0000000716800000)
  object space 230400K, 3% used [0x00000005c3800000,0x00000005c3f0db10,0x00000005d1900000)
 Metaspace       used 29382K, capacity 29912K, committed 30336K, reserved 1077248K
  class space    used 3179K, capacity 3338K, committed 3456K, reserved 1048576K
Event: 336.008 GC heap after
Heap after GC invocations=31 (full 1):
 PSYoungGen      total 104448K, used 192K [0x0000000716800000, 0x000000071d400000, 0x00000007c0000000)
  eden space 101376K, 0% used [0x0000000716800000,0x0000000716800000,0x000000071cb00000)
  from space 3072K, 6% used [0x000000071d100000,0x000000071d130000,0x000000071d400000)
  to   space 4608K, 0% used [0x000000071cb00000,0x000000071cb00000,0x000000071cf80000)
 ParOldGen       total 230400K, used 7222K [0x00000005c3800000, 0x00000005d1900000, 0x0000000716800000)
  object space 230400K, 3% used [0x00000005c3800000,0x00000005c3f0db10,0x00000005d1900000)
 Metaspace       used 29382K, capacity 29912K, committed 30336K, reserved 1077248K
  class space    used 3179K, capacity 3338K, committed 3456K, reserved 1048576K
}
Event: 343.196 GC heap before
{Heap before GC invocations=32 (full 1):
 PSYoungGen      total 104448K, used 101568K [0x0000000716800000, 0x000000071d400000, 0x00000007c0000000)
  eden space 101376K, 100% used [0x0000000716800000,0x000000071cb00000,0x000000071cb00000)
  from space 3072K, 6% used [0x000000071d100000,0x000000071d130000,0x000000071d400000)
  to   space 4608K, 0% used [0x000000071cb00000,0x000000071cb00000,0x000000071cf80000)
 ParOldGen       total 230400K, used 7222K [0x00000005c3800000, 0x00000005d1900000, 0x0000000716800000)
  object space 230400K, 3% used [0x00000005c3800000,0x00000005c3f0db10,0x00000005d1900000)
 Metaspace       used 29382K, capacity 29912K, committed 30336K, reserved 1077248K
  class space    used 3179K, capacity 3338K, committed 3456K, reserved 1048576K
Event: 343.197 GC heap after
Heap after GC invocations=32 (full 1):
 PSYoungGen      total 100352K, used 192K [0x0000000716800000, 0x000000071d180000, 0x00000007c0000000)
  eden space 99840K, 0% used [0x0000000716800000,0x0000000716800000,0x000000071c980000)
  from space 512K, 37% used [0x000000071cb00000,0x000000071cb30000,0x000000071cb80000)
  to   space 4096K, 0% used [0x000000071cd80000,0x000000071cd80000,0x000000071d180000)
 ParOldGen       total 230400K, used 7222K [0x00000005c3800000, 0x00000005d1900000, 0x0000000716800000)
  object space 230400K, 3% used [0x00000005c3800000,0x00000005c3f0db10,0x00000005d1900000)
 Metaspace       used 29382K, capacity 29912K, committed 30336K, reserved 1077248K
  class space    used 3179K, capacity 3338K, committed 3456K, reserved 1048576K
}
Event: 350.246 GC heap before
{Heap before GC invocations=33 (full 1):
 PSYoungGen      total 100352K, used 100032K [0x0000000716800000, 0x000000071d180000, 0x00000007c0000000)
  eden space 99840K, 100% used [0x0000000716800000,0x000000071c980000,0x000000071c980000)
  from space 512K, 37% used [0x000000071cb00000,0x000000071cb30000,0x000000071cb80000)
  to   space 4096K, 0% used [0x000000071cd80000,0x000000071cd80000,0x000000071d180000)
 ParOldGen       total 230400K, used 7222K [0x00000005c3800000, 0x00000005d1900000, 0x0000000716800000)
  object space 230400K, 3% used [0x00000005c3800000,0x00000005c3f0db10,0x00000005d1900000)
 Metaspace       used 29421K, capacity 29912K, committed 30336K, reserved 1077248K
  class space    used 3180K, capacity 3338K, committed 3456K, reserved 1048576K
Event: 350.247 GC heap after
Heap after GC invocations=33 (full 1):
 PSYoungGen      total 101888K, used 160K [0x0000000716800000, 0x000000071d080000, 0x00000007c0000000)
  eden space 98816K, 0% used [0x0000000716800000,0x0000000716800000,0x000000071c880000)
  from space 3072K, 5% used [0x000000071cd80000,0x000000071cda8000,0x000000071d080000)
  to   space 4096K, 0% used [0x000000071c880000,0x000000071c880000,0x000000071cc80000)
 ParOldGen       total 230400K, used 7222K [0x00000005c3800000, 0x00000005d1900000, 0x0000000716800000)
  object space 230400K, 3% used [0x00000005c3800000,0x00000005c3f0db10,0x00000005d1900000)
 Metaspace       used 29421K, capacity 29912K, committed 30336K, reserved 1077248K
  class space    used 3180K, capacity 3338K, committed 3456K, reserved 1048576K
}

