# JRE version: Java(TM) SE Runtime Environment (8.0_371) (build 1.8.0_371-b11)
# Java VM: Java HotSpot(TM) 64-Bit Server VM (25.371-b11 mixed mode windows-amd64 compressed oops)
Heap:
 PSYoungGen      total 152576K, used 29674K [0x0000000716800000, 0x0000000721200000, 0x00000007c0000000)
  eden space 131072K, 22% used [0x0000000716800000,0x00000007184faa68,0x000000071e800000)
  from space 21504K, 0% used [0x000000071fd00000,0x000000071fd00000,0x0000000721200000)
  to   space 21504K, 0% used [0x000000071e800000,0x000000071e800000,0x000000071fd00000)
 ParOldGen       total 227840K, used 5181K [0x00000005c3800000, 0x00000005d1680000, 0x0000000716800000)
  object space 227840K, 2% used [0x00000005c3800000,0x00000005c3d0f4b8,0x00000005d1680000)
 Metaspace       used 25007K, capacity 25388K, committed 25728K, reserved 1071104K
  class space    used 2965K, capacity 3088K, committed 3200K, reserved 1048576K
GC Heap History (6 events):
Event: 0.761 GC heap before
{Heap before GC invocations=1 (full 0):
 PSYoungGen      total 152576K, used 131072K [0x0000000716800000, 0x0000000721200000, 0x00000007c0000000)
  eden space 131072K, 100% used [0x0000000716800000,0x000000071e800000,0x000000071e800000)
  from space 21504K, 0% used [0x000000071fd00000,0x000000071fd00000,0x0000000721200000)
  to   space 21504K, 0% used [0x000000071e800000,0x000000071e800000,0x000000071fd00000)
 ParOldGen       total 348160K, used 0K [0x00000005c3800000, 0x00000005d8c00000, 0x0000000716800000)
  object space 348160K, 0% used [0x00000005c3800000,0x00000005c3800000,0x00000005d8c00000)
 Metaspace       used 15107K, capacity 15348K, committed 15616K, reserved 1062912K
  class space    used 1858K, capacity 1946K, committed 2048K, reserved 1048576K
Event: 0.767 GC heap after
Heap after GC invocations=1 (full 0):
 PSYoungGen      total 152576K, used 7865K [0x0000000716800000, 0x0000000721200000, 0x00000007c0000000)
  eden space 131072K, 0% used [0x0000000716800000,0x0000000716800000,0x000000071e800000)
  from space 21504K, 36% used [0x000000071e800000,0x000000071efae4a0,0x000000071fd00000)
  to   space 21504K, 0% used [0x000000071fd00000,0x000000071fd00000,0x0000000721200000)
 ParOldGen       total 348160K, used 16K [0x00000005c3800000, 0x00000005d8c00000, 0x0000000716800000)
  object space 348160K, 0% used [0x00000005c3800000,0x00000005c3804000,0x00000005d8c00000)
 Metaspace       used 15107K, capacity 15348K, committed 15616K, reserved 1062912K
  class space    used 1858K, capacity 1946K, committed 2048K, reserved 1048576K
}
Event: 1.123 GC heap before
{Heap before GC invocations=2 (full 0):
 PSYoungGen      total 152576K, used 54412K [0x0000000716800000, 0x0000000721200000, 0x00000007c0000000)
  eden space 131072K, 35% used [0x0000000716800000,0x0000000719574c40,0x000000071e800000)
  from space 21504K, 36% used [0x000000071e800000,0x000000071efae4a0,0x000000071fd00000)
  to   space 21504K, 0% used [0x000000071fd00000,0x000000071fd00000,0x0000000721200000)
 ParOldGen       total 348160K, used 16K [0x00000005c3800000, 0x00000005d8c00000, 0x0000000716800000)
  object space 348160K, 0% used [0x00000005c3800000,0x00000005c3804000,0x00000005d8c00000)
 Metaspace       used 20771K, capacity 21030K, committed 21296K, reserved 1069056K
  class space    used 2551K, capacity 2642K, committed 2688K, reserved 1048576K
Event: 1.126 GC heap after
Heap after GC invocations=2 (full 0):
 PSYoungGen      total 152576K, used 5448K [0x0000000716800000, 0x0000000721200000, 0x00000007c0000000)
  eden space 131072K, 0% used [0x0000000716800000,0x0000000716800000,0x000000071e800000)
  from space 21504K, 25% used [0x000000071fd00000,0x0000000720252090,0x0000000721200000)
  to   space 21504K, 0% used [0x000000071e800000,0x000000071e800000,0x000000071fd00000)
 ParOldGen       total 348160K, used 24K [0x00000005c3800000, 0x00000005d8c00000, 0x0000000716800000)
  object space 348160K, 0% used [0x00000005c3800000,0x00000005c3806000,0x00000005d8c00000)
 Metaspace       used 20771K, capacity 21030K, committed 21296K, reserved 1069056K
  class space    used 2551K, capacity 2642K, committed 2688K, reserved 1048576K
}
Event: 1.126 GC heap before
{Heap before GC invocations=3 (full 1):
 PSYoungGen      total 152576K, used 5448K [0x0000000716800000, 0x0000000721200000, 0x00000007c0000000)
  eden space 131072K, 0% used [0x0000000716800000,0x0000000716800000,0x000000071e800000)
  from space 21504K, 25% used [0x000000071fd00000,0x0000000720252090,0x0000000721200000)
  to   space 21504K, 0% used [0x000000071e800000,0x000000071e800000,0x000000071fd00000)
 ParOldGen       total 348160K, used 24K [0x00000005c3800000, 0x00000005d8c00000, 0x0000000716800000)
  object space 348160K, 0% used [0x00000005c3800000,0x00000005c3806000,0x00000005d8c00000)
 Metaspace       used 20771K, capacity 21030K, committed 21296K, reserved 1069056K
  class space    used 2551K, capacity 2642K, committed 2688K, reserved 1048576K
Event: 1.145 GC heap after
Heap after GC invocations=3 (full 1):
 PSYoungGen      total 152576K, used 0K [0x0000000716800000, 0x0000000721200000, 0x00000007c0000000)
  eden space 131072K, 0% used [0x0000000716800000,0x0000000716800000,0x000000071e800000)
  from space 21504K, 0% used [0x000000071fd00000,0x000000071fd00000,0x0000000721200000)
  to   space 21504K, 0% used [0x000000071e800000,0x000000071e800000,0x000000071fd00000)
 ParOldGen       total 227840K, used 5181K [0x00000005c3800000, 0x00000005d1680000, 0x0000000716800000)
  object space 227840K, 2% used [0x00000005c3800000,0x00000005c3d0f4b8,0x00000005d1680000)
 Metaspace       used 20756K, capacity 20982K, committed 21296K, reserved 1069056K
  class space    used 2547K, capacity 2634K, committed 2688K, reserved 1048576K
}

